TN:
SF:src\audit-interceptor.ts
FN:1,__name
FN:7,asNonEmptyString
FN:16,asCaptureRef
FN:21,deriveObjectRef
FN:59,registerAuditInterceptor
FNF:5
FNH:5
FNDA:4,__name
FNDA:59,asNonEmptyString
FNDA:5,asCaptureRef
FNDA:17,deriveObjectRef
FNDA:18,registerAuditInterceptor
DA:1,1
DA:2,1
DA:3,1
DA:4,1
DA:5,1
DA:6,1
DA:7,59
DA:8,59
DA:9,1
DA:10,1
DA:11,59
DA:12,59
DA:13,59
DA:14,59
DA:15,1
DA:16,5
DA:17,5
DA:18,5
DA:19,5
DA:20,1
DA:21,17
DA:22,17
DA:23,17
DA:24,1
DA:25,1
DA:26,1
DA:27,1
DA:28,1
DA:29,1
DA:30,1
DA:31,1
DA:32,1
DA:33,1
DA:34,1
DA:35,1
DA:36,1
DA:37,1
DA:38,1
DA:39,1
DA:40,1
DA:41,1
DA:42,1
DA:43,1
DA:44,1
DA:45,1
DA:46,1
DA:47,1
DA:48,17
DA:49,17
DA:50,17
DA:51,4
DA:52,17
DA:53,1
DA:54,17
DA:55,0
DA:56,17
DA:57,17
DA:58,1
DA:59,18
DA:60,18
DA:61,18
DA:62,18
DA:63,18
DA:64,18
DA:65,18
DA:66,18
DA:67,18
DA:68,18
DA:69,18
DA:70,1
DA:71,1
DA:72,1
DA:73,1
DA:74,1
DA:75,1
DA:76,18
DA:77,18
DA:78,18
DA:79,18
DA:80,18
DA:81,18
DA:82,18
DA:83,18
DA:84,18
DA:85,18
DA:86,18
DA:87,18
DA:88,18
DA:89,18
DA:90,18
DA:91,0
DA:92,0
DA:93,0
DA:94,0
DA:95,0
DA:96,0
DA:97,0
DA:98,18
DA:99,18
LF:99
LH:91
BRDA:1,0,0,4
BRDA:7,1,0,59
BRDA:8,2,0,1
BRDA:12,3,0,58
BRDA:13,4,0,0
BRDA:16,5,0,5
BRDA:18,6,0,0
BRDA:21,7,0,17
BRDA:23,8,0,1
BRDA:24,9,0,0
BRDA:26,10,0,0
BRDA:28,11,0,0
BRDA:30,12,0,0
BRDA:32,13,0,0
BRDA:34,14,0,0
BRDA:36,15,0,0
BRDA:38,16,0,0
BRDA:40,17,0,0
BRDA:42,18,0,0
BRDA:44,19,0,0
BRDA:46,20,0,0
BRDA:48,21,0,2
BRDA:49,22,0,3
BRDA:50,23,0,4
BRDA:51,24,0,0
BRDA:52,25,0,1
BRDA:53,26,0,0
BRDA:54,27,0,0
BRDA:59,28,0,18
BRDA:63,29,0,18
BRDA:64,30,0,0
BRDA:69,31,0,1
BRDA:71,32,0,0
BRDA:77,33,0,17
BRDA:77,34,0,0
BRDA:90,35,0,0
BRF:36
BRH:15
end_of_record
TN:
SF:src\chore-logic.ts
FN:1,__name
FN:21,parseDateValue
FN:45,parseRRule
FN:82,addUtcDays
FN:88,addUtcMonthsClamped
FN:103,matchesByDay
FN:111,advanceToNextAllowedDay
FN:123,getNextDueDate
FN:156,isOverdue
FN:165,calculateStreak
FNF:10
FNH:3
FNDA:18,__name
FNDA:0,parseDateValue
FNDA:0,parseRRule
FNDA:0,addUtcDays
FNDA:0,addUtcMonthsClamped
FNDA:0,matchesByDay
FNDA:0,advanceToNextAllowedDay
FNDA:0,getNextDueDate
FNDA:51,isOverdue
FNDA:51,calculateStreak
DA:1,1
DA:2,1
DA:3,1
DA:4,1
DA:5,1
DA:6,1
DA:7,1
DA:8,1
DA:9,1
DA:10,1
DA:11,1
DA:12,1
DA:13,1
DA:14,1
DA:15,1
DA:16,1
DA:17,1
DA:18,1
DA:19,1
DA:20,1
DA:21,0
DA:22,0
DA:23,0
DA:24,0
DA:25,0
DA:26,0
DA:27,0
DA:28,0
DA:29,0
DA:30,0
DA:31,0
DA:32,0
DA:33,0
DA:34,0
DA:35,0
DA:36,0
DA:37,0
DA:38,0
DA:39,0
DA:40,0
DA:41,0
DA:42,0
DA:43,0
DA:44,1
DA:45,0
DA:46,0
DA:47,0
DA:48,0
DA:49,0
DA:50,0
DA:51,0
DA:52,0
DA:53,0
DA:54,0
DA:55,0
DA:56,0
DA:57,0
DA:58,0
DA:59,0
DA:60,0
DA:61,0
DA:62,0
DA:63,0
DA:64,0
DA:65,0
DA:66,0
DA:67,0
DA:68,0
DA:69,0
DA:70,0
DA:71,0
DA:72,0
DA:73,0
DA:74,0
DA:75,0
DA:76,0
DA:77,0
DA:78,0
DA:79,0
DA:80,0
DA:81,1
DA:82,0
DA:83,0
DA:84,0
DA:85,0
DA:86,0
DA:87,1
DA:88,0
DA:89,0
DA:90,0
DA:91,0
DA:92,0
DA:93,0
DA:94,0
DA:95,0
DA:96,0
DA:97,0
DA:98,0
DA:99,0
DA:100,0
DA:101,0
DA:102,1
DA:103,0
DA:104,0
DA:105,0
DA:106,0
DA:107,0
DA:108,0
DA:109,0
DA:110,1
DA:111,0
DA:112,0
DA:113,0
DA:114,0
DA:115,0
DA:116,0
DA:117,0
DA:118,0
DA:119,0
DA:120,0
DA:121,0
DA:122,1
DA:123,1
DA:124,0
DA:125,0
DA:126,0
DA:127,0
DA:128,0
DA:129,0
DA:130,0
DA:131,0
DA:132,0
DA:133,0
DA:134,0
DA:135,0
DA:136,0
DA:137,0
DA:138,0
DA:139,0
DA:140,0
DA:141,0
DA:142,0
DA:143,0
DA:144,0
DA:145,0
DA:146,0
DA:147,0
DA:148,0
DA:149,0
DA:150,0
DA:151,0
DA:152,0
DA:153,0
DA:154,0
DA:155,1
DA:156,1
DA:157,51
DA:158,51
DA:159,0
DA:160,0
DA:161,51
DA:162,51
DA:163,51
DA:164,1
DA:165,1
DA:166,51
DA:167,51
DA:168,51
DA:169,51
DA:170,51
DA:171,51
DA:172,51
DA:173,51
DA:174,51
DA:175,51
DA:176,51
DA:177,0
DA:178,0
DA:179,0
DA:180,0
DA:181,0
DA:182,0
DA:183,0
DA:184,0
DA:185,0
DA:186,0
DA:187,0
DA:188,0
DA:189,0
DA:190,0
DA:191,0
DA:192,0
DA:193,0
DA:194,0
DA:195,0
DA:196,0
DA:197,0
DA:198,0
DA:199,0
DA:200,0
DA:201,0
DA:202,0
DA:203,0
DA:204,0
DA:205,0
DA:206,0
DA:207,0
DA:208,0
DA:209,0
DA:210,0
DA:211,0
DA:212,0
DA:213,0
DA:214,0
DA:215,51
LF:215
LH:48
BRDA:1,0,0,18
BRDA:156,1,0,51
BRDA:158,2,0,0
BRDA:165,3,0,51
BRDA:176,4,0,0
BRF:5
BRH:3
end_of_record
TN:
SF:src\client.ts
FN:1,__name
FN:54,parseInviteExpiry
FN:219,<instance_members_initializer>
FN:1,<static_initializer>
FN:228,<instance_members_initializer>
FN:1,<static_initializer>
FN:237,<instance_members_initializer>
FN:1,<static_initializer>
FN:240,HouseholdGraphClient
FN:251,initializeSchema
FN:266,ensureFeatureSchema
FN:346,ensureColumn
FN:356,getOrCreateDefaultShoppingListId
FN:371,createHousehold
FN:388,createHouseholdWithCreator
FN:428,getHousehold
FN:435,getHouseholdConfig
FN:453,evaluateReminderAutomationFailures
FN:498,updateHouseholdConfig
FN:528,addMember
FN:557,updateMemberRole
FN:581,suspendMember
FN:601,storeInviteToken
FN:630,acceptInvite
FN:685,acceptInviteForUser
FN:756,getMember
FN:767,createCalendar
FN:781,listCalendars
FN:792,getCalendar
FN:803,createEvent
FN:845,listEvents
FN:876,getEvent
FN:889,updateEvent
FN:941,addShoppingItem
FN:1000,updateShoppingItemStatus
FN:1031,listShoppingLists
FN:1041,listShoppingItems
FN:1052,clearPurchasedItems
FN:1062,getShoppingItem
FN:1073,createChore
FN:1115,listChores
FN:1170,getChoreHistory
FN:1183,assignChore
FN:1208,completeChore
FN:1283,getChore
FN:1296,assertChoreBelongsToHousehold
FN:1306,assertActiveHouseholdMember
FN:1316,assertValidActiveAttendees
FN:1339,createChoreAssignmentRecord
FN:1382,getCurrentAssignedUserId
FN:1396,parseAssigneeRotation
FN:1410,getChoreRuns
FN:1421,createReminder
FN:1458,listReminders
FN:1489,createNote
FN:1510,appendHomeStateLog
FN:1549,listRecentHomeStateChanges
FN:1572,getHouseholdContextSummary
FN:1625,toBooleanHomeState
FN:1649,isActivityStateKey
FN:1669,getNotificationRoutingMembers
FN:1693,isWithinQuietHours
FN:1759,parseClockMinutes
FN:1777,getCaptureStatus
FN:1805,writeRoutingLogEntry
FN:1824,writeAuditEntry
FN:1842,close
FNF:67
FNH:35
FNDA:8,__name
FNDA:27,parseInviteExpiry
FNDA:0,<instance_members_initializer>
FNDA:2,<static_initializer>
FNDA:0,<instance_members_initializer>
FNDA:2,<static_initializer>
FNDA:36,<instance_members_initializer>
FNDA:2,<static_initializer>
FNDA:36,HouseholdGraphClient
FNDA:36,initializeSchema
FNDA:36,ensureFeatureSchema
FNDA:648,ensureColumn
FNDA:1,getOrCreateDefaultShoppingListId
FNDA:36,createHousehold
FNDA:0,createHouseholdWithCreator
FNDA:10,getHousehold
FNDA:9,getHouseholdConfig
FNDA:9,evaluateReminderAutomationFailures
FNDA:0,updateHouseholdConfig
FNDA:15,addMember
FNDA:1,updateMemberRole
FNDA:0,suspendMember
FNDA:14,storeInviteToken
FNDA:13,acceptInvite
FNDA:0,acceptInviteForUser
FNDA:9,getMember
FNDA:0,createCalendar
FNDA:0,listCalendars
FNDA:0,getCalendar
FNDA:0,createEvent
FNDA:0,listEvents
FNDA:0,getEvent
FNDA:0,updateEvent
FNDA:0,addShoppingItem
FNDA:0,updateShoppingItemStatus
FNDA:0,listShoppingLists
FNDA:0,listShoppingItems
FNDA:1,clearPurchasedItems
FNDA:0,getShoppingItem
FNDA:51,createChore
FNDA:2,listChores
FNDA:0,getChoreHistory
FNDA:0,assignChore
FNDA:0,completeChore
FNDA:51,getChore
FNDA:0,assertChoreBelongsToHousehold
FNDA:0,assertActiveHouseholdMember
FNDA:0,assertValidActiveAttendees
FNDA:0,createChoreAssignmentRecord
FNDA:0,getCurrentAssignedUserId
FNDA:0,parseAssigneeRotation
FNDA:51,getChoreRuns
FNDA:2,createReminder
FNDA:0,listReminders
FNDA:0,createNote
FNDA:3,appendHomeStateLog
FNDA:0,listRecentHomeStateChanges
FNDA:1,getHouseholdContextSummary
FNDA:3,toBooleanHomeState
FNDA:3,isActivityStateKey
FNDA:9,getNotificationRoutingMembers
FNDA:6,isWithinQuietHours
FNDA:12,parseClockMinutes
FNDA:0,getCaptureStatus
FNDA:0,writeRoutingLogEntry
FNDA:17,writeAuditEntry
FNDA:36,close
DA:1,2
DA:2,2
DA:3,2
DA:4,2
DA:5,2
DA:6,2
DA:7,2
DA:8,2
DA:9,2
DA:10,2
DA:11,2
DA:12,2
DA:13,2
DA:14,2
DA:15,2
DA:16,2
DA:17,2
DA:18,2
DA:19,2
DA:20,2
DA:21,2
DA:22,2
DA:23,2
DA:24,2
DA:25,2
DA:26,2
DA:27,2
DA:28,2
DA:29,2
DA:30,2
DA:31,2
DA:32,2
DA:33,2
DA:34,2
DA:35,2
DA:36,2
DA:37,2
DA:38,2
DA:39,2
DA:40,2
DA:41,2
DA:42,2
DA:43,2
DA:44,2
DA:45,2
DA:46,2
DA:47,2
DA:48,2
DA:49,2
DA:50,2
DA:51,2
DA:52,2
DA:53,2
DA:54,2
DA:55,2
DA:56,2
DA:57,2
DA:58,2
DA:59,2
DA:60,2
DA:61,2
DA:62,2
DA:63,2
DA:64,2
DA:65,2
DA:66,2
DA:67,2
DA:68,2
DA:69,2
DA:70,2
DA:71,2
DA:72,2
DA:73,2
DA:74,2
DA:75,2
DA:76,2
DA:77,2
DA:78,2
DA:79,2
DA:80,2
DA:81,2
DA:82,2
DA:83,2
DA:84,2
DA:85,2
DA:86,2
DA:87,2
DA:88,2
DA:89,2
DA:90,2
DA:91,2
DA:92,2
DA:93,2
DA:94,2
DA:95,2
DA:96,2
DA:97,2
DA:98,2
DA:99,2
DA:100,2
DA:101,2
DA:102,2
DA:103,2
DA:104,2
DA:105,2
DA:106,2
DA:107,2
DA:108,2
DA:109,2
DA:110,2
DA:111,2
DA:112,2
DA:113,2
DA:114,2
DA:115,2
DA:116,2
DA:117,2
DA:118,2
DA:119,2
DA:120,2
DA:121,2
DA:122,2
DA:123,2
DA:124,2
DA:125,2
DA:126,2
DA:127,2
DA:128,2
DA:129,2
DA:130,2
DA:131,2
DA:132,2
DA:133,2
DA:134,2
DA:135,2
DA:136,2
DA:137,2
DA:138,2
DA:139,2
DA:140,2
DA:141,2
DA:142,2
DA:143,2
DA:144,2
DA:145,2
DA:146,2
DA:147,2
DA:148,2
DA:149,2
DA:150,2
DA:151,2
DA:152,2
DA:153,2
DA:154,2
DA:155,2
DA:156,2
DA:157,2
DA:158,2
DA:159,2
DA:160,2
DA:161,2
DA:162,2
DA:163,2
DA:164,2
DA:165,2
DA:166,2
DA:167,2
DA:168,2
DA:169,2
DA:170,2
DA:171,2
DA:172,2
DA:173,2
DA:174,2
DA:175,2
DA:176,2
DA:177,2
DA:178,2
DA:179,2
DA:180,2
DA:181,2
DA:182,2
DA:183,2
DA:184,2
DA:185,2
DA:186,2
DA:187,2
DA:188,2
DA:189,2
DA:190,2
DA:191,2
DA:192,2
DA:193,2
DA:194,2
DA:195,2
DA:196,2
DA:197,2
DA:198,2
DA:199,2
DA:200,2
DA:201,2
DA:202,2
DA:203,2
DA:204,2
DA:205,2
DA:206,2
DA:207,2
DA:208,2
DA:209,2
DA:210,2
DA:211,2
DA:212,2
DA:213,2
DA:214,2
DA:215,2
DA:216,2
DA:217,2
DA:218,2
DA:219,2
DA:220,2
DA:221,2
DA:222,2
DA:223,2
DA:224,2
DA:225,2
DA:226,2
DA:227,2
DA:228,2
DA:229,2
DA:230,2
DA:231,2
DA:232,2
DA:233,2
DA:234,2
DA:235,2
DA:236,2
DA:237,2
DA:238,36
DA:239,36
DA:240,36
DA:241,36
DA:242,0
DA:243,0
DA:244,36
DA:245,36
DA:246,36
DA:247,36
DA:248,36
DA:249,36
DA:250,36
DA:251,36
DA:252,36
DA:253,36
DA:254,36
DA:255,36
DA:256,36
DA:257,0
DA:258,0
DA:259,0
DA:260,0
DA:261,0
DA:262,36
DA:263,36
DA:264,36
DA:265,36
DA:266,36
DA:267,36
DA:268,36
DA:269,36
DA:270,36
DA:271,36
DA:272,36
DA:273,36
DA:274,36
DA:275,36
DA:276,36
DA:277,36
DA:278,36
DA:279,36
DA:280,36
DA:281,36
DA:282,36
DA:283,36
DA:284,36
DA:285,36
DA:286,36
DA:287,36
DA:288,36
DA:289,36
DA:290,36
DA:291,36
DA:292,36
DA:293,36
DA:294,36
DA:295,36
DA:296,36
DA:297,36
DA:298,36
DA:299,36
DA:300,36
DA:301,36
DA:302,36
DA:303,36
DA:304,36
DA:305,36
DA:306,36
DA:307,36
DA:308,36
DA:309,36
DA:310,36
DA:311,36
DA:312,36
DA:313,36
DA:314,36
DA:315,36
DA:316,36
DA:317,36
DA:318,36
DA:319,36
DA:320,36
DA:321,36
DA:322,36
DA:323,36
DA:324,36
DA:325,36
DA:326,36
DA:327,36
DA:328,36
DA:329,36
DA:330,36
DA:331,36
DA:332,36
DA:333,36
DA:334,36
DA:335,36
DA:336,36
DA:337,36
DA:338,36
DA:339,36
DA:340,36
DA:341,36
DA:342,36
DA:343,36
DA:344,36
DA:345,36
DA:346,36
DA:347,648
DA:348,648
DA:349,648
DA:350,648
DA:351,648
DA:352,504
DA:353,504
DA:354,648
DA:355,36
DA:356,36
DA:357,1
DA:358,1
DA:359,1
DA:360,1
DA:361,0
DA:362,0
DA:363,1
DA:364,1
DA:365,1
DA:366,1
DA:367,1
DA:368,1
DA:369,1
DA:370,36
DA:371,36
DA:372,36
DA:373,36
DA:374,36
DA:375,36
DA:376,36
DA:377,36
DA:378,36
DA:379,36
DA:380,36
DA:381,36
DA:382,36
DA:383,36
DA:384,36
DA:385,36
DA:386,36
DA:387,36
DA:388,36
DA:389,0
DA:390,0
DA:391,0
DA:392,0
DA:393,0
DA:394,0
DA:395,0
DA:396,0
DA:397,0
DA:398,0
DA:399,0
DA:400,0
DA:401,0
DA:402,0
DA:403,0
DA:404,0
DA:405,0
DA:406,0
DA:407,0
DA:408,0
DA:409,0
DA:410,0
DA:411,0
DA:412,0
DA:413,0
DA:414,0
DA:415,0
DA:416,0
DA:417,0
DA:418,0
DA:419,0
DA:420,0
DA:421,0
DA:422,0
DA:423,0
DA:424,0
DA:425,0
DA:426,0
DA:427,36
DA:428,36
DA:429,10
DA:430,10
DA:431,10
DA:432,10
DA:433,10
DA:434,36
DA:435,36
DA:436,9
DA:437,9
DA:438,0
DA:439,0
DA:440,9
DA:441,9
DA:442,9
DA:443,9
DA:444,0
DA:445,0
DA:446,9
DA:447,9
DA:448,9
DA:449,0
DA:450,0
DA:451,9
DA:452,36
DA:453,36
DA:454,9
DA:455,9
DA:456,9
DA:457,9
DA:458,9
DA:459,9
DA:460,9
DA:461,9
DA:462,9
DA:463,9
DA:464,9
DA:465,9
DA:466,9
DA:467,9
DA:468,1
DA:469,1
DA:470,1
DA:471,1
DA:472,1
DA:473,1
DA:474,1
DA:475,9
DA:476,9
DA:477,4
DA:478,4
DA:479,4
DA:480,4
DA:481,4
DA:482,4
DA:483,4
DA:484,4
DA:485,9
DA:486,2
DA:487,2
DA:488,2
DA:489,2
DA:490,2
DA:491,2
DA:492,2
DA:493,2
DA:494,2
DA:495,9
DA:496,9
DA:497,36
DA:498,36
DA:499,0
DA:500,0
DA:501,0
DA:502,0
DA:503,0
DA:504,0
DA:505,0
DA:506,0
DA:507,0
DA:508,0
DA:509,0
DA:510,0
DA:511,0
DA:512,0
DA:513,0
DA:514,0
DA:515,0
DA:516,0
DA:517,0
DA:518,0
DA:519,0
DA:520,0
DA:521,0
DA:522,0
DA:523,0
DA:524,0
DA:525,0
DA:526,0
DA:527,36
DA:528,36
DA:529,15
DA:530,15
DA:531,15
DA:532,15
DA:533,15
DA:534,15
DA:535,15
DA:536,15
DA:537,15
DA:538,15
DA:539,15
DA:540,15
DA:541,15
DA:542,15
DA:543,15
DA:544,15
DA:545,15
DA:546,15
DA:547,15
DA:548,15
DA:549,15
DA:550,15
DA:551,15
DA:552,15
DA:553,15
DA:554,15
DA:555,15
DA:556,36
DA:557,36
DA:558,1
DA:559,1
DA:560,1
DA:561,1
DA:562,1
DA:563,1
DA:564,1
DA:565,1
DA:566,1
DA:567,1
DA:568,1
DA:569,1
DA:570,1
DA:571,1
DA:572,1
DA:573,1
DA:574,1
DA:575,1
DA:576,1
DA:577,1
DA:578,1
DA:579,1
DA:580,36
DA:581,36
DA:582,0
DA:583,0
DA:584,0
DA:585,0
DA:586,0
DA:587,0
DA:588,0
DA:589,0
DA:590,0
DA:591,0
DA:592,0
DA:593,0
DA:594,0
DA:595,0
DA:596,0
DA:597,0
DA:598,0
DA:599,0
DA:600,36
DA:601,36
DA:602,14
DA:603,14
DA:604,14
DA:605,14
DA:606,14
DA:607,14
DA:608,14
DA:609,14
DA:610,13
DA:611,13
DA:612,13
DA:613,13
DA:614,13
DA:615,13
DA:616,13
DA:617,13
DA:618,13
DA:619,13
DA:620,13
DA:621,13
DA:622,13
DA:623,13
DA:624,13
DA:625,14
DA:626,14
DA:627,14
DA:628,14
DA:629,36
DA:630,36
DA:631,13
DA:632,13
DA:633,13
DA:634,13
DA:635,13
DA:636,13
DA:637,13
DA:638,13
DA:639,13
DA:640,13
DA:641,13
DA:642,13
DA:643,0
DA:644,0
DA:645,13
DA:646,13
DA:647,0
DA:648,0
DA:649,13
DA:650,13
DA:651,0
DA:652,0
DA:653,13
DA:654,13
DA:655,13
DA:656,13
DA:657,13
DA:658,0
DA:659,0
DA:660,13
DA:661,13
DA:662,1
DA:663,1
DA:664,13
DA:665,13
DA:666,12
DA:667,12
DA:668,12
DA:669,12
DA:670,12
DA:671,12
DA:672,12
DA:673,12
DA:674,12
DA:675,12
DA:676,12
DA:677,12
DA:678,12
DA:679,12
DA:680,13
DA:681,13
DA:682,13
DA:683,13
DA:684,36
DA:685,36
DA:686,0
DA:687,0
DA:688,0
DA:689,0
DA:690,0
DA:691,0
DA:692,0
DA:693,0
DA:694,0
DA:695,0
DA:696,0
DA:697,0
DA:698,0
DA:699,0
DA:700,0
DA:701,0
DA:702,0
DA:703,0
DA:704,0
DA:705,0
DA:706,0
DA:707,0
DA:708,0
DA:709,0
DA:710,0
DA:711,0
DA:712,0
DA:713,0
DA:714,0
DA:715,0
DA:716,0
DA:717,0
DA:718,0
DA:719,0
DA:720,0
DA:721,0
DA:722,0
DA:723,0
DA:724,0
DA:725,0
DA:726,0
DA:727,0
DA:728,0
DA:729,0
DA:730,0
DA:731,0
DA:732,0
DA:733,0
DA:734,0
DA:735,0
DA:736,0
DA:737,0
DA:738,0
DA:739,0
DA:740,0
DA:741,0
DA:742,0
DA:743,0
DA:744,0
DA:745,0
DA:746,0
DA:747,0
DA:748,0
DA:749,0
DA:750,0
DA:751,0
DA:752,0
DA:753,0
DA:754,0
DA:755,36
DA:756,36
DA:757,9
DA:758,9
DA:759,9
DA:760,9
DA:761,9
DA:762,9
DA:763,9
DA:764,9
DA:765,9
DA:766,36
DA:767,36
DA:768,0
DA:769,0
DA:770,0
DA:771,0
DA:772,0
DA:773,0
DA:774,0
DA:775,0
DA:776,0
DA:777,0
DA:778,0
DA:779,0
DA:780,36
DA:781,36
DA:782,0
DA:783,0
DA:784,0
DA:785,0
DA:786,0
DA:787,0
DA:788,0
DA:789,0
DA:790,0
DA:791,36
DA:792,36
DA:793,0
DA:794,0
DA:795,0
DA:796,0
DA:797,0
DA:798,0
DA:799,0
DA:800,0
DA:801,0
DA:802,36
DA:803,36
DA:804,0
DA:805,0
DA:806,0
DA:807,0
DA:808,0
DA:809,0
DA:810,0
DA:811,0
DA:812,0
DA:813,0
DA:814,0
DA:815,0
DA:816,0
DA:817,0
DA:818,0
DA:819,0
DA:820,0
DA:821,0
DA:822,0
DA:823,0
DA:824,0
DA:825,0
DA:826,0
DA:827,0
DA:828,0
DA:829,0
DA:830,0
DA:831,0
DA:832,0
DA:833,0
DA:834,0
DA:835,0
DA:836,0
DA:837,0
DA:838,0
DA:839,0
DA:840,0
DA:841,0
DA:842,0
DA:843,0
DA:844,36
DA:845,36
DA:846,0
DA:847,0
DA:848,0
DA:849,0
DA:850,0
DA:851,0
DA:852,0
DA:853,0
DA:854,0
DA:855,0
DA:856,0
DA:857,0
DA:858,0
DA:859,0
DA:860,0
DA:861,0
DA:862,0
DA:863,0
DA:864,0
DA:865,0
DA:866,0
DA:867,0
DA:868,0
DA:869,0
DA:870,0
DA:871,0
DA:872,0
DA:873,0
DA:874,0
DA:875,36
DA:876,36
DA:877,0
DA:878,0
DA:879,0
DA:880,0
DA:881,0
DA:882,0
DA:883,0
DA:884,0
DA:885,0
DA:886,0
DA:887,0
DA:888,36
DA:889,36
DA:890,0
DA:891,0
DA:892,0
DA:893,0
DA:894,0
DA:895,0
DA:896,0
DA:897,0
DA:898,0
DA:899,0
DA:900,0
DA:901,0
DA:902,0
DA:903,0
DA:904,0
DA:905,0
DA:906,0
DA:907,0
DA:908,0
DA:909,0
DA:910,0
DA:911,0
DA:912,0
DA:913,0
DA:914,0
DA:915,0
DA:916,0
DA:917,0
DA:918,0
DA:919,0
DA:920,0
DA:921,0
DA:922,0
DA:923,0
DA:924,0
DA:925,0
DA:926,0
DA:927,0
DA:928,0
DA:929,0
DA:930,0
DA:931,0
DA:932,0
DA:933,0
DA:934,0
DA:935,0
DA:936,0
DA:937,0
DA:938,0
DA:939,0
DA:940,36
DA:941,36
DA:942,0
DA:943,0
DA:944,0
DA:945,0
DA:946,0
DA:947,0
DA:948,0
DA:949,0
DA:950,0
DA:951,0
DA:952,0
DA:953,0
DA:954,0
DA:955,0
DA:956,0
DA:957,0
DA:958,0
DA:959,0
DA:960,0
DA:961,0
DA:962,0
DA:963,0
DA:964,0
DA:965,0
DA:966,0
DA:967,0
DA:968,0
DA:969,0
DA:970,0
DA:971,0
DA:972,0
DA:973,0
DA:974,0
DA:975,0
DA:976,0
DA:977,0
DA:978,0
DA:979,0
DA:980,0
DA:981,0
DA:982,0
DA:983,0
DA:984,0
DA:985,0
DA:986,0
DA:987,0
DA:988,0
DA:989,0
DA:990,0
DA:991,0
DA:992,0
DA:993,0
DA:994,0
DA:995,0
DA:996,0
DA:997,0
DA:998,0
DA:999,36
DA:1000,36
DA:1001,0
DA:1002,0
DA:1003,0
DA:1004,0
DA:1005,0
DA:1006,0
DA:1007,0
DA:1008,0
DA:1009,0
DA:1010,0
DA:1011,0
DA:1012,0
DA:1013,0
DA:1014,0
DA:1015,0
DA:1016,0
DA:1017,0
DA:1018,0
DA:1019,0
DA:1020,0
DA:1021,0
DA:1022,0
DA:1023,0
DA:1024,0
DA:1025,0
DA:1026,0
DA:1027,0
DA:1028,0
DA:1029,0
DA:1030,36
DA:1031,36
DA:1032,0
DA:1033,0
DA:1034,0
DA:1035,0
DA:1036,0
DA:1037,0
DA:1038,0
DA:1039,0
DA:1040,36
DA:1041,36
DA:1042,0
DA:1043,0
DA:1044,0
DA:1045,0
DA:1046,0
DA:1047,0
DA:1048,0
DA:1049,0
DA:1050,0
DA:1051,36
DA:1052,36
DA:1053,1
DA:1054,1
DA:1055,1
DA:1056,1
DA:1057,1
DA:1058,1
DA:1059,1
DA:1060,1
DA:1061,36
DA:1062,36
DA:1063,0
DA:1064,0
DA:1065,0
DA:1066,0
DA:1067,0
DA:1068,0
DA:1069,0
DA:1070,0
DA:1071,0
DA:1072,36
DA:1073,36
DA:1074,51
DA:1075,51
DA:1076,51
DA:1077,51
DA:1078,51
DA:1079,51
DA:1080,51
DA:1081,51
DA:1082,51
DA:1083,51
DA:1084,51
DA:1085,51
DA:1086,51
DA:1087,51
DA:1088,51
DA:1089,51
DA:1090,51
DA:1091,51
DA:1092,51
DA:1093,51
DA:1094,51
DA:1095,51
DA:1096,51
DA:1097,51
DA:1098,51
DA:1099,51
DA:1100,51
DA:1101,51
DA:1102,51
DA:1103,0
DA:1104,0
DA:1105,0
DA:1106,0
DA:1107,0
DA:1108,0
DA:1109,0
DA:1110,0
DA:1111,51
DA:1112,51
DA:1113,51
DA:1114,36
DA:1115,36
DA:1116,2
DA:1117,2
DA:1118,2
DA:1119,2
DA:1120,2
DA:1121,2
DA:1122,2
DA:1123,2
DA:1124,2
DA:1125,2
DA:1126,2
DA:1127,2
DA:1128,2
DA:1129,2
DA:1130,2
DA:1131,2
DA:1132,2
DA:1133,2
DA:1134,2
DA:1135,2
DA:1136,2
DA:1137,2
DA:1138,2
DA:1139,2
DA:1140,2
DA:1141,2
DA:1142,51
DA:1143,51
DA:1144,51
DA:1145,51
DA:1146,51
DA:1147,51
DA:1148,51
DA:1149,51
DA:1150,51
DA:1151,51
DA:1152,51
DA:1153,51
DA:1154,51
DA:1155,51
DA:1156,51
DA:1157,51
DA:1158,51
DA:1159,51
DA:1160,51
DA:1161,51
DA:1162,51
DA:1163,51
DA:1164,51
DA:1165,51
DA:1166,51
DA:1167,2
DA:1168,2
DA:1169,36
DA:1170,36
DA:1171,0
DA:1172,0
DA:1173,0
DA:1174,0
DA:1175,0
DA:1176,0
DA:1177,0
DA:1178,0
DA:1179,0
DA:1180,0
DA:1181,0
DA:1182,36
DA:1183,36
DA:1184,0
DA:1185,0
DA:1186,0
DA:1187,0
DA:1188,0
DA:1189,0
DA:1190,0
DA:1191,0
DA:1192,0
DA:1193,0
DA:1194,0
DA:1195,0
DA:1196,0
DA:1197,0
DA:1198,0
DA:1199,0
DA:1200,0
DA:1201,0
DA:1202,0
DA:1203,0
DA:1204,0
DA:1205,0
DA:1206,0
DA:1207,36
DA:1208,36
DA:1209,0
DA:1210,0
DA:1211,0
DA:1212,0
DA:1213,0
DA:1214,0
DA:1215,0
DA:1216,0
DA:1217,0
DA:1218,0
DA:1219,0
DA:1220,0
DA:1221,0
DA:1222,0
DA:1223,0
DA:1224,0
DA:1225,0
DA:1226,0
DA:1227,0
DA:1228,0
DA:1229,0
DA:1230,0
DA:1231,0
DA:1232,0
DA:1233,0
DA:1234,0
DA:1235,0
DA:1236,0
DA:1237,0
DA:1238,0
DA:1239,0
DA:1240,0
DA:1241,0
DA:1242,0
DA:1243,0
DA:1244,0
DA:1245,0
DA:1246,0
DA:1247,0
DA:1248,0
DA:1249,0
DA:1250,0
DA:1251,0
DA:1252,0
DA:1253,0
DA:1254,0
DA:1255,0
DA:1256,0
DA:1257,0
DA:1258,0
DA:1259,0
DA:1260,0
DA:1261,0
DA:1262,0
DA:1263,0
DA:1264,0
DA:1265,0
DA:1266,0
DA:1267,0
DA:1268,0
DA:1269,0
DA:1270,0
DA:1271,0
DA:1272,0
DA:1273,0
DA:1274,0
DA:1275,0
DA:1276,0
DA:1277,0
DA:1278,0
DA:1279,0
DA:1280,0
DA:1281,0
DA:1282,36
DA:1283,36
DA:1284,51
DA:1285,51
DA:1286,51
DA:1287,51
DA:1288,51
DA:1289,51
DA:1290,51
DA:1291,51
DA:1292,51
DA:1293,51
DA:1294,51
DA:1295,36
DA:1296,36
DA:1297,0
DA:1298,0
DA:1299,0
DA:1300,0
DA:1301,0
DA:1302,0
DA:1303,0
DA:1304,0
DA:1305,36
DA:1306,36
DA:1307,0
DA:1308,0
DA:1309,0
DA:1310,0
DA:1311,0
DA:1312,0
DA:1313,0
DA:1314,0
DA:1315,36
DA:1316,36
DA:1317,0
DA:1318,0
DA:1319,0
DA:1320,0
DA:1321,0
DA:1322,0
DA:1323,0
DA:1324,0
DA:1325,0
DA:1326,0
DA:1327,0
DA:1328,0
DA:1329,0
DA:1330,0
DA:1331,0
DA:1332,0
DA:1333,0
DA:1334,0
DA:1335,0
DA:1336,0
DA:1337,0
DA:1338,36
DA:1339,36
DA:1340,0
DA:1341,0
DA:1342,0
DA:1343,0
DA:1344,0
DA:1345,0
DA:1346,0
DA:1347,0
DA:1348,0
DA:1349,0
DA:1350,0
DA:1351,0
DA:1352,0
DA:1353,0
DA:1354,0
DA:1355,0
DA:1356,0
DA:1357,0
DA:1358,0
DA:1359,0
DA:1360,0
DA:1361,0
DA:1362,0
DA:1363,0
DA:1364,0
DA:1365,0
DA:1366,0
DA:1367,0
DA:1368,0
DA:1369,0
DA:1370,0
DA:1371,0
DA:1372,0
DA:1373,0
DA:1374,0
DA:1375,0
DA:1376,0
DA:1377,0
DA:1378,0
DA:1379,0
DA:1380,0
DA:1381,36
DA:1382,36
DA:1383,0
DA:1384,0
DA:1385,0
DA:1386,0
DA:1387,0
DA:1388,0
DA:1389,0
DA:1390,0
DA:1391,0
DA:1392,0
DA:1393,0
DA:1394,0
DA:1395,36
DA:1396,36
DA:1397,0
DA:1398,0
DA:1399,0
DA:1400,0
DA:1401,0
DA:1402,0
DA:1403,0
DA:1404,0
DA:1405,0
DA:1406,0
DA:1407,0
DA:1408,0
DA:1409,36
DA:1410,36
DA:1411,51
DA:1412,51
DA:1413,51
DA:1414,51
DA:1415,51
DA:1416,51
DA:1417,51
DA:1418,51
DA:1419,51
DA:1420,36
DA:1421,36
DA:1422,2
DA:1423,2
DA:1424,2
DA:1425,2
DA:1426,2
DA:1427,2
DA:1428,2
DA:1429,2
DA:1430,2
DA:1431,2
DA:1432,2
DA:1433,2
DA:1434,2
DA:1435,2
DA:1436,2
DA:1437,2
DA:1438,2
DA:1439,2
DA:1440,2
DA:1441,2
DA:1442,2
DA:1443,2
DA:1444,2
DA:1445,2
DA:1446,2
DA:1447,2
DA:1448,2
DA:1449,2
DA:1450,2
DA:1451,2
DA:1452,2
DA:1453,2
DA:1454,2
DA:1455,2
DA:1456,2
DA:1457,36
DA:1458,36
DA:1459,0
DA:1460,0
DA:1461,0
DA:1462,0
DA:1463,0
DA:1464,0
DA:1465,0
DA:1466,0
DA:1467,0
DA:1468,0
DA:1469,0
DA:1470,0
DA:1471,0
DA:1472,0
DA:1473,0
DA:1474,0
DA:1475,0
DA:1476,0
DA:1477,0
DA:1478,0
DA:1479,0
DA:1480,0
DA:1481,0
DA:1482,0
DA:1483,0
DA:1484,0
DA:1485,0
DA:1486,0
DA:1487,0
DA:1488,36
DA:1489,36
DA:1490,0
DA:1491,0
DA:1492,0
DA:1493,0
DA:1494,0
DA:1495,0
DA:1496,0
DA:1497,0
DA:1498,0
DA:1499,0
DA:1500,0
DA:1501,0
DA:1502,0
DA:1503,0
DA:1504,0
DA:1505,0
DA:1506,0
DA:1507,0
DA:1508,0
DA:1509,36
DA:1510,36
DA:1511,3
DA:1512,3
DA:1513,3
DA:1514,3
DA:1515,3
DA:1516,3
DA:1517,3
DA:1518,3
DA:1519,3
DA:1520,3
DA:1521,3
DA:1522,3
DA:1523,3
DA:1524,3
DA:1525,3
DA:1526,3
DA:1527,3
DA:1528,3
DA:1529,3
DA:1530,3
DA:1531,3
DA:1532,3
DA:1533,3
DA:1534,3
DA:1535,3
DA:1536,3
DA:1537,3
DA:1538,3
DA:1539,3
DA:1540,3
DA:1541,3
DA:1542,3
DA:1543,3
DA:1544,3
DA:1545,3
DA:1546,3
DA:1547,3
DA:1548,36
DA:1549,36
DA:1550,0
DA:1551,0
DA:1552,0
DA:1553,0
DA:1554,0
DA:1555,0
DA:1556,0
DA:1557,0
DA:1558,0
DA:1559,0
DA:1560,0
DA:1561,0
DA:1562,0
DA:1563,0
DA:1564,0
DA:1565,0
DA:1566,0
DA:1567,0
DA:1568,0
DA:1569,0
DA:1570,0
DA:1571,36
DA:1572,36
DA:1573,1
DA:1574,1
DA:1575,1
DA:1576,1
DA:1577,1
DA:1578,1
DA:1579,1
DA:1580,1
DA:1581,1
DA:1582,1
DA:1583,3
DA:1584,3
DA:1585,3
DA:1586,3
DA:1587,3
DA:1588,3
DA:1589,3
DA:1590,3
DA:1591,1
DA:1592,1
DA:1593,1
DA:1594,1
DA:1595,1
DA:1596,1
DA:1597,1
DA:1598,1
DA:1599,1
DA:1600,3
DA:1601,1
DA:1602,1
DA:1603,1
DA:1604,1
DA:1605,1
DA:1606,1
DA:1607,1
DA:1608,3
DA:1609,3
DA:1610,2
DA:1611,2
DA:1612,2
DA:1613,2
DA:1614,2
DA:1615,2
DA:1616,3
DA:1617,1
DA:1618,1
DA:1619,1
DA:1620,1
DA:1621,1
DA:1622,1
DA:1623,1
DA:1624,36
DA:1625,36
DA:1626,3
DA:1627,1
DA:1628,1
DA:1629,3
DA:1630,3
DA:1631,0
DA:1632,0
DA:1633,3
DA:1634,3
DA:1635,0
DA:1636,0
DA:1637,3
DA:1638,3
DA:1639,2
DA:1640,2
DA:1641,2
DA:1642,2
DA:1643,2
DA:1644,0
DA:1645,0
DA:1646,3
DA:1647,3
DA:1648,36
DA:1649,36
DA:1650,3
DA:1651,3
DA:1652,0
DA:1653,0
DA:1654,3
DA:1655,3
DA:1656,3
DA:1657,2
DA:1658,2
DA:1659,2
DA:1660,2
DA:1661,2
DA:1662,2
DA:1663,2
DA:1664,2
DA:1665,2
DA:1666,3
DA:1667,3
DA:1668,36
DA:1669,36
DA:1670,9
DA:1671,9
DA:1672,9
DA:1673,9
DA:1674,9
DA:1675,9
DA:1676,9
DA:1677,9
DA:1678,9
DA:1679,0
DA:1680,0
DA:1681,9
DA:1682,9
DA:1683,9
DA:1684,0
DA:1685,0
DA:1686,9
DA:1687,9
DA:1688,9
DA:1689,9
DA:1690,9
DA:1691,9
DA:1692,36
DA:1693,36
DA:1694,6
DA:1695,6
DA:1696,6
DA:1697,6
DA:1698,6
DA:1699,6
DA:1700,6
DA:1701,6
DA:1702,0
DA:1703,0
DA:1704,6
DA:1705,6
DA:1706,6
DA:1707,5
DA:1708,5
DA:1709,5
DA:1710,5
DA:1711,5
DA:1712,5
DA:1713,5
DA:1714,5
DA:1715,5
DA:1716,5
DA:1717,5
DA:1718,5
DA:1719,5
DA:1720,0
DA:1721,0
DA:1722,0
DA:1723,0
DA:1724,0
DA:1725,0
DA:1726,0
DA:1727,0
DA:1728,0
DA:1729,0
DA:1730,0
DA:1731,0
DA:1732,0
DA:1733,0
DA:1734,6
DA:1735,1
DA:1736,1
DA:1737,1
DA:1738,1
DA:1739,1
DA:1740,1
DA:1741,1
DA:1742,1
DA:1743,1
DA:1744,1
DA:1745,1
DA:1746,1
DA:1747,6
DA:1748,6
DA:1749,0
DA:1750,0
DA:1751,6
DA:1752,6
DA:1753,0
DA:1754,0
DA:1755,6
DA:1756,6
DA:1757,6
DA:1758,36
DA:1759,36
DA:1760,12
DA:1761,12
DA:1762,0
DA:1763,0
DA:1764,12
DA:1765,12
DA:1766,12
DA:1767,12
DA:1768,0
DA:1769,0
DA:1770,12
DA:1771,0
DA:1772,0
DA:1773,12
DA:1774,12
DA:1775,12
DA:1776,36
DA:1777,36
DA:1778,0
DA:1779,0
DA:1780,0
DA:1781,0
DA:1782,0
DA:1783,0
DA:1784,0
DA:1785,0
DA:1786,0
DA:1787,0
DA:1788,0
DA:1789,0
DA:1790,0
DA:1791,0
DA:1792,0
DA:1793,0
DA:1794,0
DA:1795,0
DA:1796,0
DA:1797,0
DA:1798,0
DA:1799,0
DA:1800,0
DA:1801,0
DA:1802,0
DA:1803,0
DA:1804,36
DA:1805,36
DA:1806,0
DA:1807,0
DA:1808,0
DA:1809,0
DA:1810,0
DA:1811,0
DA:1812,0
DA:1813,0
DA:1814,0
DA:1815,0
DA:1816,0
DA:1817,0
DA:1818,0
DA:1819,0
DA:1820,0
DA:1821,0
DA:1822,0
DA:1823,36
DA:1824,36
DA:1825,17
DA:1826,17
DA:1827,17
DA:1828,17
DA:1829,17
DA:1830,17
DA:1831,17
DA:1832,17
DA:1833,17
DA:1834,17
DA:1835,17
DA:1836,17
DA:1837,17
DA:1838,17
DA:1839,17
DA:1840,17
DA:1841,36
DA:1842,36
DA:1843,36
DA:1844,36
DA:1845,36
LF:1845
LH:1030
BRDA:1,0,0,8
BRDA:54,1,0,27
BRDA:56,2,0,1
BRDA:60,3,0,26
BRDA:1,4,0,2
BRDA:1,5,0,2
BRDA:237,6,0,36
BRDA:1,7,0,2
BRDA:240,8,0,36
BRDA:240,9,0,0
BRDA:241,10,0,0
BRDA:251,11,0,36
BRDA:256,12,0,0
BRDA:266,13,0,36
BRDA:346,14,0,648
BRDA:351,15,0,504
BRDA:350,16,0,5508
BRDA:356,17,0,1
BRDA:360,18,0,0
BRDA:371,19,0,36
BRDA:375,20,0,36
BRDA:378,21,0,28
BRDA:428,22,0,10
BRDA:432,23,0,0
BRDA:435,24,0,9
BRDA:437,25,0,0
BRDA:443,26,0,0
BRDA:448,27,0,0
BRDA:453,28,0,9
BRDA:461,29,0,5
BRDA:461,30,0,4
BRDA:463,31,0,9
BRDA:465,32,0,1
BRDA:467,33,0,8
BRDA:467,34,0,1
BRDA:476,35,0,8
BRDA:476,36,0,7
BRDA:476,37,0,6
BRDA:476,38,0,4
BRDA:485,39,0,3
BRDA:485,40,0,2
BRDA:485,41,0,2
BRDA:528,42,0,15
BRDA:536,43,0,15
BRDA:557,44,0,1
BRDA:564,45,0,1
BRDA:601,46,0,14
BRDA:609,47,0,13
BRDA:630,48,0,13
BRDA:633,49,0,13
BRDA:642,50,0,0
BRDA:646,51,0,11
BRDA:646,52,0,0
BRDA:650,53,0,0
BRDA:657,54,0,0
BRDA:661,55,0,1
BRDA:665,56,0,12
BRDA:756,57,0,9
BRDA:764,58,0,0
BRDA:1052,59,0,1
BRDA:1073,60,0,51
BRDA:1102,61,0,0
BRDA:1115,62,0,2
BRDA:1139,63,0,3
BRDA:1141,64,0,51
BRDA:1143,65,0,0
BRDA:1144,66,0,0
BRDA:1147,67,0,0
BRDA:1152,68,0,0
BRDA:1152,69,0,0
BRDA:1160,70,0,0
BRDA:1283,71,0,51
BRDA:1293,72,0,0
BRDA:1410,73,0,51
BRDA:1421,74,0,2
BRDA:1445,75,0,1
BRDA:1510,76,0,3
BRDA:1533,77,0,0
BRDA:1536,78,0,0
BRDA:1572,79,0,1
BRDA:1599,80,0,3
BRDA:1600,81,0,1
BRDA:1600,82,0,1
BRDA:1609,83,0,2
BRDA:1609,84,0,2
BRDA:1582,85,0,3
BRDA:1586,86,0,0
BRDA:1625,87,0,3
BRDA:1626,88,0,1
BRDA:1630,89,0,2
BRDA:1630,90,0,0
BRDA:1634,91,0,2
BRDA:1634,92,0,0
BRDA:1638,93,0,2
BRDA:1643,94,0,0
BRDA:1649,95,0,3
BRDA:1651,96,0,0
BRDA:1656,97,0,2
BRDA:1669,98,0,9
BRDA:1678,99,0,0
BRDA:1683,100,0,0
BRDA:1693,101,0,6
BRDA:1701,102,0,0
BRDA:1706,103,0,5
BRDA:1716,104,0,0
BRDA:1717,105,0,0
BRDA:1719,106,0,0
BRDA:1734,107,0,1
BRDA:1748,108,0,0
BRDA:1752,109,0,0
BRDA:1756,110,0,5
BRDA:1714,111,0,5
BRDA:1715,112,0,15
BRDA:1759,113,0,12
BRDA:1761,114,0,0
BRDA:1767,115,0,0
BRDA:1770,116,0,0
BRDA:1824,117,0,17
BRDA:1842,118,0,36
BRF:119
BRH:80
end_of_record
TN:
SF:src\invites.ts
FN:1,__name
FN:5,generateInviteToken
FN:9,generateInviteExpiry
FN:13,isInviteExpired
FNF:4
FNH:2
FNDA:3,__name
FNDA:14,generateInviteToken
FNDA:0,generateInviteExpiry
FNDA:0,isInviteExpired
DA:1,1
DA:2,1
DA:3,1
DA:4,1
DA:5,1
DA:6,14
DA:7,14
DA:8,1
DA:9,1
DA:10,0
DA:11,0
DA:12,1
DA:13,1
DA:14,0
DA:15,0
LF:15
LH:11
BRDA:1,0,0,3
BRDA:5,1,0,14
BRF:2
BRH:2
end_of_record
TN:
SF:src\roles.ts
FN:1,__name
FN:21,canPerform
FNF:2
FNH:2
FNDA:2,__name
FNDA:3,canPerform
DA:1,1
DA:2,1
DA:3,1
DA:4,1
DA:5,1
DA:6,1
DA:7,1
DA:8,1
DA:9,1
DA:10,1
DA:11,1
DA:12,1
DA:13,1
DA:14,1
DA:15,1
DA:16,1
DA:17,1
DA:18,1
DA:19,1
DA:20,1
DA:21,1
DA:22,3
DA:23,3
DA:24,3
DA:25,0
DA:26,0
DA:27,3
DA:28,3
DA:29,3
LF:29
LH:27
BRDA:1,0,0,2
BRDA:21,1,0,3
BRDA:24,2,0,0
BRF:3
BRH:2
end_of_record
