TN:
SF:src\auth.ts
FN:1,__name
FN:1,__export
FN:1,__copyProps
FN:1,get
FN:1,__toCommonJS
FN:1,extractAuthContext
FN:1,extractCallerUserId
FN:7,extractBearerToken
FN:19,extractAuthContext
FN:28,extractCallerUserId
FNF:10
FNH:10
FNDA:6,__name
FNDA:2,__export
FNDA:2,__copyProps
FNDA:81,get
FNDA:2,__toCommonJS
FNDA:4,extractAuthContext
FNDA:77,extractCallerUserId
FNDA:81,extractBearerToken
FNDA:81,extractAuthContext
FNDA:77,extractCallerUserId
DA:1,77
DA:2,1
DA:3,1
DA:4,1
DA:5,1
DA:6,1
DA:7,81
DA:8,81
DA:9,11
DA:10,11
DA:11,81
DA:12,81
DA:13,70
DA:14,0
DA:15,81
DA:16,81
DA:17,81
DA:18,1
DA:19,81
DA:20,81
DA:21,81
DA:22,11
DA:23,11
DA:24,81
DA:25,81
DA:26,81
DA:27,1
DA:28,77
DA:29,77
DA:30,77
DA:31,11
DA:32,11
DA:33,77
DA:34,77
DA:35,77
LF:35
LH:34
BRDA:28,0,0,0
BRDA:1,1,0,6
BRDA:1,2,0,2
BRDA:1,3,0,4
BRDA:1,4,0,2
BRDA:1,5,0,0
BRDA:1,6,0,4
BRDA:1,7,0,81
BRDA:1,8,0,2
BRDA:1,9,0,4
BRDA:1,10,0,77
BRDA:7,11,0,81
BRDA:8,12,0,11
BRDA:12,13,0,70
BRDA:13,14,0,0
BRDA:16,15,0,0
BRDA:19,16,0,81
BRDA:21,17,0,11
BRDA:25,18,0,70
BRDA:28,19,0,77
BRDA:30,20,0,66
BRDA:30,21,0,11
BRDA:34,22,0,66
BRDA:34,23,0,0
BRF:24
BRH:19
end_of_record
TN:
SF:src\routes\capture.ts
FN:1,__name
FN:1,__export
FN:1,__copyProps
FN:1,get
FN:1,__toCommonJS
FN:1,registerCaptureRoutes
FN:35,publishHouseholdEvent
FN:60,buildCaptureEntry
FN:73,registerCaptureRoutes
FNF:9
FNH:9
FNDA:3,__name
FNDA:1,__export
FNDA:1,__copyProps
FNDA:7,get
FNDA:1,__toCommonJS
FNDA:7,registerCaptureRoutes
FNDA:1,publishHouseholdEvent
FNDA:2,buildCaptureEntry
FNDA:7,registerCaptureRoutes
DA:1,1
DA:2,1
DA:3,1
DA:4,1
DA:5,1
DA:6,1
DA:7,1
DA:8,1
DA:9,1
DA:10,1
DA:11,1
DA:12,1
DA:13,1
DA:14,1
DA:15,1
DA:16,1
DA:17,1
DA:18,1
DA:19,1
DA:20,1
DA:21,1
DA:22,1
DA:23,1
DA:24,1
DA:25,1
DA:26,1
DA:27,1
DA:28,1
DA:29,1
DA:30,1
DA:31,1
DA:32,1
DA:33,1
DA:34,1
DA:35,1
DA:36,1
DA:37,1
DA:38,1
DA:39,1
DA:40,1
DA:41,1
DA:42,1
DA:43,1
DA:44,1
DA:45,1
DA:46,1
DA:47,1
DA:48,1
DA:49,1
DA:50,1
DA:51,1
DA:52,1
DA:53,1
DA:54,1
DA:55,1
DA:56,1
DA:57,1
DA:58,1
DA:59,1
DA:60,2
DA:61,2
DA:62,2
DA:63,2
DA:64,2
DA:65,2
DA:66,2
DA:67,2
DA:68,2
DA:69,2
DA:70,2
DA:71,2
DA:72,1
DA:73,1
DA:74,7
DA:75,7
DA:76,7
DA:77,7
DA:78,7
DA:79,7
DA:80,7
DA:81,7
DA:82,7
DA:83,1
DA:84,1
DA:85,1
DA:86,7
DA:87,7
DA:88,6
DA:89,7
DA:90,4
DA:91,4
DA:92,1
DA:93,1
DA:94,1
DA:95,4
DA:96,4
DA:97,4
DA:98,1
DA:99,1
DA:100,1
DA:101,4
DA:102,4
DA:103,4
DA:104,1
DA:105,1
DA:106,1
DA:107,1
DA:108,1
DA:109,1
DA:110,1
DA:111,1
DA:112,1
DA:113,1
DA:114,1
DA:115,1
DA:116,1
DA:117,1
DA:118,1
DA:119,1
DA:120,1
DA:121,1
DA:122,1
DA:123,1
DA:124,1
DA:125,1
DA:126,1
DA:127,1
DA:128,1
DA:129,1
DA:130,1
DA:131,1
DA:132,1
DA:133,1
DA:134,1
DA:135,1
DA:136,1
DA:137,1
DA:138,1
DA:139,1
DA:140,1
DA:141,1
DA:142,0
DA:143,1
DA:144,1
DA:145,1
DA:146,1
DA:147,7
DA:148,7
DA:149,1
DA:150,1
DA:151,1
DA:152,1
DA:153,1
DA:154,1
DA:155,1
DA:156,1
DA:157,1
DA:158,1
DA:159,1
DA:160,1
DA:161,1
DA:162,1
DA:163,1
DA:164,1
DA:165,1
DA:166,1
DA:167,0
DA:168,7
DA:169,7
LF:169
LH:167
BRDA:73,0,0,0
BRDA:1,1,0,3
BRDA:1,2,0,1
BRDA:1,3,0,1
BRDA:1,4,0,0
BRDA:1,5,0,7
BRDA:1,6,0,1
BRDA:1,7,0,7
BRDA:35,8,0,1
BRDA:60,9,0,2
BRDA:67,10,0,1
BRDA:73,11,0,7
BRDA:79,12,0,7
BRDA:82,13,0,1
BRDA:87,14,0,6
BRDA:89,15,0,4
BRDA:89,16,0,4
BRDA:90,17,0,3
BRDA:91,18,0,1
BRDA:96,19,0,3
BRDA:97,20,0,1
BRDA:102,21,0,2
BRDA:103,22,0,1
BRDA:103,23,0,1
BRDA:148,24,0,1
BRDA:166,25,0,0
BRDA:121,26,0,1
BRDA:128,27,0,0
BRF:28
BRH:24
end_of_record
TN:
SF:src\routes\household.ts
FN:1,__name
FN:1,__export
FN:1,__copyProps
FN:1,get
FN:1,__toCommonJS
FN:1,registerHouseholdRoutes
FN:102,makeStatusError
FN:106,isStatusError
FN:115,isZodLikeError
FN:126,normalizeCalendarRangeFilter
FN:140,isWithinUtcDay
FN:149,toUtcDayWindow
FN:163,normalizeChoreDueAt
FN:172,requireHomeNodeServiceRead
FN:184,extractSurfaceToken
FN:195,isValidSurfaceToken
FN:210,requireMember
FN:231,replyError
FN:270,publishHouseholdEvent
FN:295,publishAutomationFailure
FN:309,publishReminderFailureEvents
FN:388,createChorePublishContext
FN:395,publish
FN:420,createShoppingPublishContext
FN:427,publish
FN:452,createCalendarPublishContext
FN:459,publish
FN:484,registerHouseholdRoutes
FNF:28
FNH:28
FNDA:19,__name
FNDA:1,__export
FNDA:1,__copyProps
FNDA:79,get
FNDA:1,__toCommonJS
FNDA:79,registerHouseholdRoutes
FNDA:14,makeStatusError
FNDA:17,isStatusError
FNDA:23,isZodLikeError
FNDA:2,normalizeCalendarRangeFilter
FNDA:2,isWithinUtcDay
FNDA:1,toUtcDayWindow
FNDA:2,normalizeChoreDueAt
FNDA:4,requireHomeNodeServiceRead
FNDA:4,extractSurfaceToken
FNDA:4,isValidSurfaceToken
FNDA:47,requireMember
FNDA:23,replyError
FNDA:20,publishHouseholdEvent
FNDA:5,publishAutomationFailure
FNDA:6,publishReminderFailureEvents
FNDA:5,createChorePublishContext
FNDA:5,publish
FNDA:5,createShoppingPublishContext
FNDA:5,publish
FNDA:1,createCalendarPublishContext
FNDA:1,publish
FNDA:79,registerHouseholdRoutes
DA:1,1
DA:2,1
DA:3,1
DA:4,1
DA:5,1
DA:6,1
DA:7,1
DA:8,1
DA:9,1
DA:10,1
DA:11,1
DA:12,1
DA:13,1
DA:14,1
DA:15,1
DA:16,1
DA:17,1
DA:18,1
DA:19,1
DA:20,1
DA:21,1
DA:22,1
DA:23,1
DA:24,1
DA:25,1
DA:26,1
DA:27,1
DA:28,1
DA:29,1
DA:30,1
DA:31,1
DA:32,1
DA:33,1
DA:34,1
DA:35,1
DA:36,1
DA:37,1
DA:38,1
DA:39,1
DA:40,1
DA:41,1
DA:42,1
DA:43,1
DA:44,1
DA:45,1
DA:46,1
DA:47,1
DA:48,1
DA:49,1
DA:50,1
DA:51,1
DA:52,1
DA:53,1
DA:54,1
DA:55,1
DA:56,1
DA:57,1
DA:58,1
DA:59,1
DA:60,1
DA:61,1
DA:62,1
DA:63,1
DA:64,1
DA:65,1
DA:66,1
DA:67,1
DA:68,1
DA:69,1
DA:70,1
DA:71,1
DA:72,1
DA:73,1
DA:74,1
DA:75,1
DA:76,1
DA:77,1
DA:78,1
DA:79,1
DA:80,1
DA:81,1
DA:82,1
DA:83,1
DA:84,1
DA:85,1
DA:86,1
DA:87,1
DA:88,1
DA:89,1
DA:90,1
DA:91,1
DA:92,1
DA:93,1
DA:94,1
DA:95,1
DA:96,1
DA:97,1
DA:98,1
DA:99,1
DA:100,1
DA:101,1
DA:102,14
DA:103,14
DA:104,14
DA:105,1
DA:106,17
DA:107,17
DA:108,17
DA:109,17
DA:110,17
DA:111,14
DA:112,17
DA:113,17
DA:114,1
DA:115,23
DA:116,23
DA:117,23
DA:118,23
DA:119,23
DA:120,4
DA:121,23
DA:122,23
DA:123,1
DA:124,1
DA:125,1
DA:126,2
DA:127,2
DA:128,2
DA:129,2
DA:130,2
DA:131,2
DA:132,2
DA:133,0
DA:134,0
DA:135,0
DA:136,0
DA:137,0
DA:138,2
DA:139,1
DA:140,2
DA:141,2
DA:142,2
DA:143,0
DA:144,0
DA:145,2
DA:146,2
DA:147,2
DA:148,1
DA:149,1
DA:150,1
DA:151,1
DA:152,1
DA:153,1
DA:154,1
DA:155,1
DA:156,1
DA:157,1
DA:158,1
DA:159,1
DA:160,1
DA:161,1
DA:162,1
DA:163,2
DA:164,2
DA:165,2
DA:166,0
DA:167,0
DA:168,2
DA:169,2
DA:170,2
DA:171,1
DA:172,4
DA:173,4
DA:174,4
DA:175,4
DA:176,4
DA:177,1
DA:178,1
DA:179,4
DA:180,4
DA:181,4
DA:182,4
DA:183,1
DA:184,4
DA:185,4
DA:186,4
DA:187,4
DA:188,2
DA:189,2
DA:190,2
DA:191,2
DA:192,4
DA:193,4
DA:194,1
DA:195,4
DA:196,4
DA:197,4
DA:198,2
DA:199,2
DA:200,2
DA:201,2
DA:202,2
DA:203,4
DA:204,0
DA:205,0
DA:206,4
DA:207,4
DA:208,4
DA:209,1
DA:210,47
DA:211,47
DA:212,47
DA:213,47
DA:214,47
DA:215,47
DA:216,47
DA:217,47
DA:218,0
DA:219,0
DA:220,47
DA:221,47
DA:222,47
DA:223,0
DA:224,0
DA:225,47
DA:226,47
DA:227,13
DA:228,13
DA:229,47
DA:230,1
DA:231,23
DA:232,23
DA:233,4
DA:234,4
DA:235,4
DA:236,23
DA:237,23
DA:238,1
DA:239,1
DA:240,1
DA:241,23
DA:242,23
DA:243,1
DA:244,1
DA:245,1
DA:246,23
DA:247,23
DA:248,14
DA:249,14
DA:250,14
DA:251,23
DA:252,23
DA:253,3
DA:254,1
DA:255,1
DA:256,1
DA:257,3
DA:258,1
DA:259,1
DA:260,1
DA:261,3
DA:262,0
DA:263,0
DA:264,0
DA:265,3
DA:266,23
DA:267,23
DA:268,23
DA:269,1
DA:270,20
DA:271,20
DA:272,20
DA:273,20
DA:274,20
DA:275,20
DA:276,20
DA:277,20
DA:278,20
DA:279,20
DA:280,20
DA:281,20
DA:282,20
DA:283,20
DA:284,20
DA:285,20
DA:286,20
DA:287,20
DA:288,20
DA:289,20
DA:290,20
DA:291,20
DA:292,20
DA:293,20
DA:294,1
DA:295,5
DA:296,5
DA:297,5
DA:298,5
DA:299,5
DA:300,5
DA:301,5
DA:302,5
DA:303,5
DA:304,5
DA:305,5
DA:306,5
DA:307,5
DA:308,1
DA:309,6
DA:310,6
DA:311,6
DA:312,6
DA:313,6
DA:314,6
DA:315,6
DA:316,6
DA:317,6
DA:318,6
DA:319,6
DA:320,6
DA:321,6
DA:322,6
DA:323,6
DA:324,6
DA:325,6
DA:326,6
DA:327,6
DA:328,6
DA:329,1
DA:330,1
DA:331,6
DA:332,6
DA:333,5
DA:334,6
DA:335,6
DA:336,6
DA:337,6
DA:338,5
DA:339,5
DA:340,5
DA:341,5
DA:342,5
DA:343,5
DA:344,5
DA:345,5
DA:346,5
DA:347,5
DA:348,5
DA:349,5
DA:350,5
DA:351,5
DA:352,5
DA:353,5
DA:354,5
DA:355,5
DA:356,5
DA:357,5
DA:358,5
DA:359,5
DA:360,5
DA:361,5
DA:362,5
DA:363,5
DA:364,5
DA:365,5
DA:366,5
DA:367,5
DA:368,5
DA:369,5
DA:370,5
DA:371,5
DA:372,5
DA:373,5
DA:374,5
DA:375,5
DA:376,5
DA:377,5
DA:378,5
DA:379,5
DA:380,5
DA:381,5
DA:382,5
DA:383,5
DA:384,5
DA:385,5
DA:386,6
DA:387,1
DA:388,5
DA:389,5
DA:390,5
DA:391,5
DA:392,5
DA:393,5
DA:394,5
DA:395,5
DA:396,5
DA:397,5
DA:398,5
DA:399,5
DA:400,5
DA:401,5
DA:402,5
DA:403,5
DA:404,5
DA:405,5
DA:406,5
DA:407,5
DA:408,5
DA:409,5
DA:410,5
DA:411,5
DA:412,5
DA:413,5
DA:414,5
DA:415,5
DA:416,5
DA:417,5
DA:418,5
DA:419,1
DA:420,5
DA:421,5
DA:422,5
DA:423,5
DA:424,5
DA:425,5
DA:426,5
DA:427,5
DA:428,5
DA:429,5
DA:430,5
DA:431,5
DA:432,5
DA:433,5
DA:434,5
DA:435,5
DA:436,5
DA:437,5
DA:438,5
DA:439,5
DA:440,5
DA:441,5
DA:442,5
DA:443,5
DA:444,5
DA:445,5
DA:446,5
DA:447,5
DA:448,5
DA:449,5
DA:450,5
DA:451,1
DA:452,1
DA:453,1
DA:454,1
DA:455,1
DA:456,1
DA:457,1
DA:458,1
DA:459,1
DA:460,1
DA:461,1
DA:462,1
DA:463,1
DA:464,1
DA:465,1
DA:466,1
DA:467,1
DA:468,1
DA:469,1
DA:470,1
DA:471,1
DA:472,1
DA:473,1
DA:474,1
DA:475,1
DA:476,1
DA:477,1
DA:478,1
DA:479,1
DA:480,1
DA:481,1
DA:482,1
DA:483,1
DA:484,1
DA:485,79
DA:486,79
DA:487,79
DA:488,79
DA:489,79
DA:490,5
DA:491,5
DA:492,5
DA:493,1
DA:494,1
DA:495,1
DA:496,5
DA:497,5
DA:498,4
DA:499,4
DA:500,4
DA:501,4
DA:502,5
DA:503,1
DA:504,1
DA:505,79
DA:506,79
DA:507,79
DA:508,4
DA:509,4
DA:510,4
DA:511,1
DA:512,1
DA:513,1
DA:514,4
DA:515,4
DA:516,3
DA:517,3
DA:518,3
DA:519,4
DA:520,4
DA:521,2
DA:522,2
DA:523,2
DA:524,2
DA:525,2
DA:526,2
DA:527,2
DA:528,2
DA:529,2
DA:530,2
DA:531,2
DA:532,2
DA:533,2
DA:534,2
DA:535,2
DA:536,2
DA:537,2
DA:538,2
DA:539,2
DA:540,2
DA:541,2
DA:542,2
DA:543,2
DA:544,2
DA:545,4
DA:546,1
DA:547,1
DA:548,79
DA:549,79
DA:550,79
DA:551,3
DA:552,3
DA:553,3
DA:554,1
DA:555,1
DA:556,1
DA:557,3
DA:558,3
DA:559,2
DA:560,2
DA:561,2
DA:562,2
DA:563,2
DA:564,2
DA:565,2
DA:566,3
DA:567,3
DA:568,3
DA:569,3
DA:570,3
DA:571,3
DA:572,3
DA:573,3
DA:574,3
DA:575,3
DA:576,3
DA:577,3
DA:578,1
DA:579,1
DA:580,1
DA:581,79
DA:582,79
DA:583,79
DA:584,4
DA:585,4
DA:586,4
DA:587,1
DA:588,1
DA:589,1
DA:590,4
DA:591,4
DA:592,3
DA:593,3
DA:594,3
DA:595,3
DA:596,3
DA:597,3
DA:598,3
DA:599,3
DA:600,4
DA:601,4
DA:602,0
DA:603,0
DA:604,4
DA:605,4
DA:606,2
DA:607,2
DA:608,2
DA:609,2
DA:610,2
DA:611,2
DA:612,2
DA:613,2
DA:614,2
DA:615,2
DA:616,2
DA:617,2
DA:618,2
DA:619,2
DA:620,2
DA:621,4
DA:622,4
DA:623,4
DA:624,2
DA:625,2
DA:626,79
DA:627,79
DA:628,79
DA:629,7
DA:630,7
DA:631,7
DA:632,1
DA:633,1
DA:634,1
DA:635,7
DA:636,7
DA:637,6
DA:638,6
DA:639,6
DA:640,7
DA:641,4
DA:642,4
DA:643,4
DA:644,4
DA:645,4
DA:646,4
DA:647,4
DA:648,4
DA:649,4
DA:650,4
DA:651,4
DA:652,4
DA:653,4
DA:654,4
DA:655,1
DA:656,4
DA:657,7
DA:658,2
DA:659,2
DA:660,79
DA:661,79
DA:662,79
DA:663,1
DA:664,1
DA:665,1
DA:666,0
DA:667,0
DA:668,0
DA:669,1
DA:670,1
DA:671,1
DA:672,1
DA:673,1
DA:674,1
DA:675,0
DA:676,0
DA:677,79
DA:678,79
DA:679,79
DA:680,1
DA:681,1
DA:682,1
DA:683,0
DA:684,0
DA:685,0
DA:686,1
DA:687,1
DA:688,1
DA:689,1
DA:690,1
DA:691,1
DA:692,1
DA:693,1
DA:694,1
DA:695,1
DA:696,2
DA:697,2
DA:698,2
DA:699,2
DA:700,2
DA:701,2
DA:702,1
DA:703,1
DA:704,1
DA:705,1
DA:706,1
DA:707,1
DA:708,1
DA:709,0
DA:710,0
DA:711,79
DA:712,79
DA:713,79
DA:714,4
DA:715,4
DA:716,4
DA:717,1
DA:718,1
DA:719,1
DA:720,4
DA:721,4
DA:722,3
DA:723,3
DA:724,3
DA:725,3
DA:726,3
DA:727,3
DA:728,3
DA:729,3
DA:730,4
DA:731,2
DA:732,2
DA:733,4
DA:734,0
DA:735,0
DA:736,0
DA:737,0
DA:738,0
DA:739,0
DA:740,0
DA:741,0
DA:742,0
DA:743,0
DA:744,0
DA:745,0
DA:746,0
DA:747,0
DA:748,0
DA:749,4
DA:750,2
DA:751,2
DA:752,79
DA:753,79
DA:754,79
DA:755,1
DA:756,1
DA:757,1
DA:758,0
DA:759,0
DA:760,0
DA:761,1
DA:762,1
DA:763,1
DA:764,1
DA:765,1
DA:766,1
DA:767,1
DA:768,1
DA:769,1
DA:770,1
DA:771,1
DA:772,1
DA:773,0
DA:774,0
DA:775,79
DA:776,79
DA:777,79
DA:778,4
DA:779,4
DA:780,4
DA:781,0
DA:782,0
DA:783,0
DA:784,4
DA:785,4
DA:786,4
DA:787,4
DA:788,4
DA:789,4
DA:790,4
DA:791,4
DA:792,4
DA:793,4
DA:794,4
DA:795,4
DA:796,0
DA:797,0
DA:798,79
DA:799,79
DA:800,79
DA:801,5
DA:802,5
DA:803,5
DA:804,0
DA:805,0
DA:806,0
DA:807,5
DA:808,5
DA:809,5
DA:810,5
DA:811,5
DA:812,5
DA:813,0
DA:814,0
DA:815,0
DA:816,5
DA:817,5
DA:818,5
DA:819,0
DA:820,0
DA:821,0
DA:822,5
DA:823,5
DA:824,1
DA:825,1
DA:826,1
DA:827,5
DA:828,5
DA:829,3
DA:830,3
DA:831,3
DA:832,3
DA:833,3
DA:834,3
DA:835,5
DA:836,1
DA:837,1
DA:838,79
DA:839,79
DA:840,79
DA:841,1
DA:842,1
DA:843,1
DA:844,0
DA:845,0
DA:846,0
DA:847,1
DA:848,1
DA:849,1
DA:850,1
DA:851,1
DA:852,1
DA:853,1
DA:854,0
DA:855,0
DA:856,79
DA:857,79
DA:858,79
DA:859,6
DA:860,6
DA:861,6
DA:862,6
DA:863,6
DA:864,0
DA:865,0
DA:866,0
DA:867,6
DA:868,6
DA:869,6
DA:870,0
DA:871,6
DA:872,6
DA:873,6
DA:874,1
DA:875,1
DA:876,1
DA:877,6
DA:878,6
DA:879,6
DA:880,0
DA:881,0
DA:882,0
DA:883,6
DA:884,6
DA:885,5
DA:886,5
DA:887,6
DA:888,1
DA:889,1
DA:890,1
DA:891,6
DA:892,6
DA:893,1
DA:894,1
DA:895,1
DA:896,6
DA:897,6
DA:898,3
DA:899,3
DA:900,3
DA:901,3
DA:902,3
DA:903,3
DA:904,3
DA:905,3
DA:906,3
DA:907,3
DA:908,3
DA:909,3
DA:910,3
DA:911,3
DA:912,6
DA:913,6
DA:914,6
DA:915,6
DA:916,6
DA:917,6
DA:918,6
DA:919,6
DA:920,6
DA:921,6
DA:922,6
DA:923,6
DA:924,6
DA:925,6
DA:926,6
DA:927,6
DA:928,2
DA:929,2
DA:930,2
DA:931,2
DA:932,2
DA:933,2
DA:934,2
DA:935,2
DA:936,2
DA:937,2
DA:938,2
DA:939,2
DA:940,2
DA:941,2
DA:942,2
DA:943,2
DA:944,2
DA:945,2
DA:946,2
DA:947,6
DA:948,6
DA:949,6
DA:950,0
DA:951,0
DA:952,79
DA:953,79
DA:954,79
DA:955,0
DA:956,0
DA:957,0
DA:958,0
DA:959,0
DA:960,0
DA:961,0
DA:962,0
DA:963,0
DA:964,0
DA:965,0
DA:966,0
DA:967,0
DA:968,0
DA:969,79
DA:970,79
DA:971,79
DA:972,0
DA:973,0
DA:974,0
DA:975,0
DA:976,0
DA:977,0
DA:978,0
DA:979,0
DA:980,0
DA:981,0
DA:982,0
DA:983,0
DA:984,0
DA:985,0
DA:986,0
DA:987,0
DA:988,0
DA:989,0
DA:990,0
DA:991,0
DA:992,0
DA:993,79
DA:994,79
DA:995,79
DA:996,1
DA:997,1
DA:998,1
DA:999,0
DA:1000,0
DA:1001,0
DA:1002,1
DA:1003,1
DA:1004,1
DA:1005,1
DA:1006,1
DA:1007,1
DA:1008,1
DA:1009,1
DA:1010,1
DA:1011,1
DA:1012,1
DA:1013,1
DA:1014,1
DA:1015,1
DA:1016,1
DA:1017,1
DA:1018,1
DA:1019,1
DA:1020,2
DA:1021,2
DA:1022,2
DA:1023,2
DA:1024,2
DA:1025,2
DA:1026,2
DA:1027,2
DA:1028,2
DA:1029,1
DA:1030,1
DA:1031,1
DA:1032,0
DA:1033,0
DA:1034,79
DA:1035,79
DA:1036,79
DA:1037,2
DA:1038,2
DA:1039,2
DA:1040,0
DA:1041,0
DA:1042,0
DA:1043,2
DA:1044,2
DA:1045,2
DA:1046,2
DA:1047,2
DA:1048,2
DA:1049,2
DA:1050,2
DA:1051,2
DA:1052,2
DA:1053,2
DA:1054,2
DA:1055,2
DA:1056,2
DA:1057,2
DA:1058,2
DA:1059,2
DA:1060,2
DA:1061,2
DA:1062,2
DA:1063,2
DA:1064,2
DA:1065,2
DA:1066,2
DA:1067,2
DA:1068,2
DA:1069,2
DA:1070,2
DA:1071,2
DA:1072,2
DA:1073,2
DA:1074,2
DA:1075,2
DA:1076,2
DA:1077,2
DA:1078,2
DA:1079,2
DA:1080,2
DA:1081,2
DA:1082,2
DA:1083,2
DA:1084,2
DA:1085,2
DA:1086,2
DA:1087,2
DA:1088,2
DA:1089,2
DA:1090,2
DA:1091,2
DA:1092,2
DA:1093,2
DA:1094,2
DA:1095,2
DA:1096,2
DA:1097,2
DA:1098,2
DA:1099,2
DA:1100,2
DA:1101,2
DA:1102,0
DA:1103,2
DA:1104,2
DA:1105,1
DA:1106,1
DA:1107,79
DA:1108,79
DA:1109,79
DA:1110,0
DA:1111,0
DA:1112,0
DA:1113,0
DA:1114,0
DA:1115,0
DA:1116,0
DA:1117,0
DA:1118,0
DA:1119,0
DA:1120,0
DA:1121,0
DA:1122,0
DA:1123,0
DA:1124,0
DA:1125,0
DA:1126,0
DA:1127,0
DA:1128,0
DA:1129,0
DA:1130,0
DA:1131,0
DA:1132,0
DA:1133,0
DA:1134,0
DA:1135,0
DA:1136,0
DA:1137,0
DA:1138,0
DA:1139,0
DA:1140,0
DA:1141,0
DA:1142,0
DA:1143,0
DA:1144,0
DA:1145,0
DA:1146,0
DA:1147,0
DA:1148,0
DA:1149,0
DA:1150,0
DA:1151,0
DA:1152,0
DA:1153,0
DA:1154,0
DA:1155,0
DA:1156,79
DA:1157,79
DA:1158,79
DA:1159,1
DA:1160,1
DA:1161,1
DA:1162,0
DA:1163,0
DA:1164,0
DA:1165,1
DA:1166,1
DA:1167,1
DA:1168,1
DA:1169,1
DA:1170,1
DA:1171,1
DA:1172,1
DA:1173,1
DA:1174,1
DA:1175,1
DA:1176,1
DA:1177,1
DA:1178,0
DA:1179,0
DA:1180,79
DA:1181,79
DA:1182,79
DA:1183,5
DA:1184,5
DA:1185,5
DA:1186,1
DA:1187,1
DA:1188,1
DA:1189,5
DA:1190,5
DA:1191,4
DA:1192,4
DA:1193,4
DA:1194,5
DA:1195,1
DA:1196,1
DA:1197,1
DA:1198,1
DA:1199,1
DA:1200,1
DA:1201,1
DA:1202,1
DA:1203,1
DA:1204,1
DA:1205,1
DA:1206,1
DA:1207,1
DA:1208,1
DA:1209,1
DA:1210,1
DA:1211,1
DA:1212,1
DA:1213,1
DA:1214,1
DA:1215,1
DA:1216,1
DA:1217,1
DA:1218,1
DA:1219,1
DA:1220,1
DA:1221,1
DA:1222,1
DA:1223,1
DA:1224,1
DA:1225,5
DA:1226,5
DA:1227,5
DA:1228,5
DA:1229,5
DA:1230,5
DA:1231,5
DA:1232,5
DA:1233,3
DA:1234,3
DA:1235,79
DA:1236,79
DA:1237,79
DA:1238,1
DA:1239,1
DA:1240,1
DA:1241,0
DA:1242,0
DA:1243,0
DA:1244,1
DA:1245,1
DA:1246,1
DA:1247,1
DA:1248,1
DA:1249,1
DA:1250,1
DA:1251,0
DA:1252,0
DA:1253,79
DA:1254,79
DA:1255,79
DA:1256,0
DA:1257,0
DA:1258,0
DA:1259,0
DA:1260,0
DA:1261,0
DA:1262,0
DA:1263,0
DA:1264,0
DA:1265,0
DA:1266,0
DA:1267,0
DA:1268,0
DA:1269,0
DA:1270,0
DA:1271,0
DA:1272,0
DA:1273,0
DA:1274,0
DA:1275,0
DA:1276,79
DA:1277,79
DA:1278,79
DA:1279,3
DA:1280,3
DA:1281,3
DA:1282,0
DA:1283,0
DA:1284,0
DA:1285,3
DA:1286,3
DA:1287,3
DA:1288,3
DA:1289,3
DA:1290,3
DA:1291,3
DA:1292,3
DA:1293,3
DA:1294,3
DA:1295,3
DA:1296,3
DA:1297,2
DA:1298,3
DA:1299,0
DA:1300,0
DA:1301,3
DA:1302,3
DA:1303,1
DA:1304,1
DA:1305,1
DA:1306,1
DA:1307,1
DA:1308,1
DA:1309,1
DA:1310,1
DA:1311,1
DA:1312,1
DA:1313,1
DA:1314,1
DA:1315,1
DA:1316,1
DA:1317,1
DA:1318,1
DA:1319,1
DA:1320,1
DA:1321,1
DA:1322,1
DA:1323,1
DA:1324,3
DA:1325,3
DA:1326,3
DA:1327,3
DA:1328,3
DA:1329,3
DA:1330,3
DA:1331,3
DA:1332,3
DA:1333,2
DA:1334,2
DA:1335,79
DA:1336,79
DA:1337,79
DA:1338,5
DA:1339,5
DA:1340,5
DA:1341,1
DA:1342,1
DA:1343,1
DA:1344,5
DA:1345,5
DA:1346,4
DA:1347,4
DA:1348,4
DA:1349,4
DA:1350,4
DA:1351,4
DA:1352,4
DA:1353,5
DA:1354,5
DA:1355,5
DA:1356,0
DA:1357,0
DA:1358,5
DA:1359,5
DA:1360,5
DA:1361,0
DA:1362,0
DA:1363,5
DA:1364,5
DA:1365,1
DA:1366,1
DA:1367,5
DA:1368,5
DA:1369,2
DA:1370,2
DA:1371,5
DA:1372,0
DA:1373,0
DA:1374,0
DA:1375,0
DA:1376,0
DA:1377,0
DA:1378,0
DA:1379,0
DA:1380,0
DA:1381,0
DA:1382,0
DA:1383,0
DA:1384,0
DA:1385,0
DA:1386,0
DA:1387,0
DA:1388,0
DA:1389,0
DA:1390,0
DA:1391,0
DA:1392,0
DA:1393,0
DA:1394,0
DA:1395,0
DA:1396,0
DA:1397,0
DA:1398,0
DA:1399,0
DA:1400,0
DA:1401,0
DA:1402,0
DA:1403,0
DA:1404,0
DA:1405,0
DA:1406,0
DA:1407,0
DA:1408,0
DA:1409,0
DA:1410,0
DA:1411,0
DA:1412,0
DA:1413,5
DA:1414,5
DA:1415,2
DA:1416,2
DA:1417,2
DA:1418,2
DA:1419,5
DA:1420,5
DA:1421,5
DA:1422,5
DA:1423,5
DA:1424,5
DA:1425,5
DA:1426,5
DA:1427,5
DA:1428,2
DA:1429,2
DA:1430,2
DA:1431,79
DA:1432,79
DA:1433,79
DA:1434,8
DA:1435,8
DA:1436,8
DA:1437,1
DA:1438,1
DA:1439,1
DA:1440,8
DA:1441,8
DA:1442,7
DA:1443,7
DA:1444,7
DA:1445,7
DA:1446,8
DA:1447,4
DA:1448,4
DA:1449,4
DA:1450,4
DA:1451,4
DA:1452,4
DA:1453,4
DA:1454,4
DA:1455,4
DA:1456,4
DA:1457,4
DA:1458,4
DA:1459,4
DA:1460,4
DA:1461,4
DA:1462,8
DA:1463,3
DA:1464,3
DA:1465,79
DA:1466,79
DA:1467,79
DA:1468,4
DA:1469,4
DA:1470,4
DA:1471,3
DA:1472,3
DA:1473,3
DA:1474,4
DA:1475,4
DA:1476,1
DA:1477,4
DA:1478,0
DA:1479,0
DA:1480,0
DA:1481,4
DA:1482,4
DA:1483,1
DA:1484,1
DA:1485,1
DA:1486,1
DA:1487,1
DA:1488,1
DA:1489,1
DA:1490,1
DA:1491,1
DA:1492,1
DA:1493,1
DA:1494,1
DA:1495,1
DA:1496,1
DA:1497,1
DA:1498,1
DA:1499,2
DA:1500,2
DA:1501,1
DA:1502,1
DA:1503,1
DA:1504,1
DA:1505,1
DA:1506,1
DA:1507,1
DA:1508,1
DA:1509,1
DA:1510,1
DA:1511,1
DA:1512,1
DA:1513,1
DA:1514,1
DA:1515,1
DA:1516,1
DA:1517,1
DA:1518,1
DA:1519,1
DA:1520,1
DA:1521,1
DA:1522,1
DA:1523,1
DA:1524,1
DA:1525,1
DA:1526,1
DA:1527,1
DA:1528,1
DA:1529,1
DA:1530,1
DA:1531,1
DA:1532,1
DA:1533,1
DA:1534,1
DA:1535,1
DA:1536,1
DA:1537,1
DA:1538,1
DA:1539,4
DA:1540,0
DA:1541,0
DA:1542,79
DA:1543,79
DA:1544,79
DA:1545,2
DA:1546,2
DA:1547,1
DA:1548,1
DA:1549,1
DA:1550,1
DA:1551,1
DA:1552,1
DA:1553,1
DA:1554,1
DA:1555,1
DA:1556,1
DA:1557,1
DA:1558,1
DA:1559,1
DA:1560,2
DA:1561,0
DA:1562,0
DA:1563,0
DA:1564,2
DA:1565,2
DA:1566,2
DA:1567,0
DA:1568,0
DA:1569,0
DA:1570,2
DA:1571,2
DA:1572,2
DA:1573,0
DA:1574,0
DA:1575,0
DA:1576,2
DA:1577,2
DA:1578,1
DA:1579,1
DA:1580,1
DA:1581,1
DA:1582,1
DA:1583,1
DA:1584,2
DA:1585,2
DA:1586,2
DA:1587,2
DA:1588,2
DA:1589,2
DA:1590,2
DA:1591,2
DA:1592,2
DA:1593,2
DA:1594,1
DA:1595,1
DA:1596,1
DA:1597,1
DA:1598,2
DA:1599,0
DA:1600,0
DA:1601,79
DA:1602,79
DA:1603,79
DA:1604,2
DA:1605,2
DA:1606,1
DA:1607,1
DA:1608,1
DA:1609,1
DA:1610,1
DA:1611,1
DA:1612,1
DA:1613,1
DA:1614,2
DA:1615,0
DA:1616,0
DA:1617,0
DA:1618,2
DA:1619,2
DA:1620,1
DA:1621,1
DA:1622,1
DA:1623,1
DA:1624,1
DA:1625,1
DA:1626,1
DA:1627,1
DA:1628,1
DA:1629,1
DA:1630,1
DA:1631,1
DA:1632,1
DA:1633,1
DA:1634,1
DA:1635,1
DA:1636,1
DA:1637,1
DA:1638,1
DA:1639,1
DA:1640,1
DA:1641,1
DA:1642,2
DA:1643,0
DA:1644,0
DA:1645,79
DA:1646,79
DA:1647,79
DA:1648,4
DA:1649,4
DA:1650,4
DA:1651,1
DA:1652,1
DA:1653,1
DA:1654,4
DA:1655,4
DA:1656,3
DA:1657,3
DA:1658,3
DA:1659,4
DA:1660,1
DA:1661,4
DA:1662,2
DA:1663,2
DA:1664,79
DA:1665,79
LF:1665
LH:1396
BRDA:484,0,0,0
BRDA:1,1,0,19
BRDA:1,2,0,1
BRDA:1,3,0,1
BRDA:1,4,0,0
BRDA:1,5,0,79
BRDA:1,6,0,1
BRDA:1,7,0,79
BRDA:102,8,0,14
BRDA:103,9,0,0
BRDA:106,10,0,17
BRDA:110,11,0,14
BRDA:115,12,0,23
BRDA:119,13,0,4
BRDA:126,14,0,2
BRDA:128,15,0,1
BRDA:132,16,0,0
BRDA:140,17,0,2
BRDA:142,18,0,0
BRDA:149,19,0,1
BRDA:163,20,0,2
BRDA:165,21,0,0
BRDA:172,22,0,4
BRDA:176,23,0,1
BRDA:180,24,0,3
BRDA:181,25,0,1
BRDA:184,26,0,4
BRDA:186,27,0,0
BRDA:187,28,0,2
BRDA:192,29,0,0
BRDA:195,30,0,4
BRDA:196,31,0,0
BRDA:197,32,0,2
BRDA:197,33,0,2
BRDA:203,34,0,0
BRDA:207,35,0,2
BRDA:210,36,0,47
BRDA:217,37,0,0
BRDA:222,38,0,0
BRDA:226,39,0,13
BRDA:231,40,0,23
BRDA:232,41,0,4
BRDA:237,42,0,19
BRDA:237,43,0,1
BRDA:242,44,0,18
BRDA:242,45,0,1
BRDA:247,46,0,17
BRDA:247,47,0,14
BRDA:248,48,0,0
BRDA:252,49,0,3
BRDA:253,50,0,1
BRDA:257,51,0,2
BRDA:257,52,0,1
BRDA:261,53,0,0
BRDA:267,54,0,1
BRDA:270,55,0,20
BRDA:295,56,0,5
BRDA:305,57,0,0
BRDA:309,58,0,6
BRDA:328,59,0,1
BRDA:332,60,0,5
BRDA:334,61,0,0
BRDA:334,62,0,5
BRDA:337,63,0,5
BRDA:388,64,0,5
BRDA:395,65,0,5
BRDA:420,66,0,5
BRDA:427,67,0,5
BRDA:447,68,0,4
BRDA:452,69,0,1
BRDA:459,70,0,1
BRDA:484,71,0,79
BRDA:489,72,0,5
BRDA:492,73,0,1
BRDA:497,74,0,4
BRDA:502,75,0,1
BRDA:507,76,0,4
BRDA:510,77,0,1
BRDA:515,78,0,3
BRDA:520,79,0,2
BRDA:545,80,0,1
BRDA:550,81,0,3
BRDA:553,82,0,1
BRDA:558,83,0,2
BRDA:566,84,0,0
BRDA:577,85,0,1
BRDA:583,86,0,4
BRDA:586,87,0,1
BRDA:591,88,0,3
BRDA:600,89,0,2
BRDA:601,90,0,0
BRDA:605,91,0,2
BRDA:622,92,0,1
BRDA:623,93,0,2
BRDA:628,94,0,7
BRDA:631,95,0,1
BRDA:636,96,0,6
BRDA:640,97,0,4
BRDA:657,98,0,2
BRDA:654,99,0,1
BRDA:662,100,0,1
BRDA:665,101,0,0
BRDA:674,102,0,0
BRDA:679,103,0,1
BRDA:682,104,0,0
BRDA:708,105,0,0
BRDA:695,106,0,2
BRDA:701,107,0,1
BRDA:703,108,0,2
BRDA:704,109,0,2
BRDA:713,110,0,4
BRDA:716,111,0,1
BRDA:721,112,0,3
BRDA:730,113,0,2
BRDA:733,114,0,0
BRDA:749,115,0,2
BRDA:754,116,0,1
BRDA:757,117,0,0
BRDA:772,118,0,0
BRDA:777,119,0,4
BRDA:780,120,0,0
BRDA:795,121,0,0
BRDA:800,122,0,5
BRDA:803,123,0,0
BRDA:812,124,0,0
BRDA:817,125,0,4
BRDA:818,126,0,0
BRDA:823,127,0,4
BRDA:823,128,0,1
BRDA:828,129,0,3
BRDA:835,130,0,1
BRDA:840,131,0,1
BRDA:843,132,0,0
BRDA:853,133,0,0
BRDA:858,134,0,6
BRDA:861,135,0,0
BRDA:863,136,0,0
BRDA:869,137,0,0
BRDA:873,138,0,1
BRDA:878,139,0,5
BRDA:879,140,0,0
BRDA:884,141,0,5
BRDA:887,142,0,1
BRDA:892,143,0,4
BRDA:892,144,0,1
BRDA:897,145,0,3
BRDA:912,146,0,2
BRDA:927,147,0,3
BRDA:927,148,0,2
BRDA:927,149,0,2
BRDA:933,150,0,0
BRDA:934,151,0,0
BRDA:948,152,0,3
BRDA:949,153,0,0
BRDA:995,154,0,1
BRDA:998,155,0,0
BRDA:1015,156,0,0
BRDA:1016,157,0,0
BRDA:1031,158,0,0
BRDA:1019,159,0,2
BRDA:1036,160,0,2
BRDA:1039,161,0,0
BRDA:1084,162,0,1
BRDA:1084,163,0,0
BRDA:1094,164,0,1
BRDA:1095,165,0,1
BRDA:1104,166,0,1
BRDA:1158,167,0,1
BRDA:1161,168,0,0
BRDA:1177,169,0,0
BRDA:1182,170,0,5
BRDA:1185,171,0,1
BRDA:1190,172,0,4
BRDA:1194,173,0,1
BRDA:1231,174,0,1
BRDA:1232,175,0,3
BRDA:1237,176,0,1
BRDA:1240,177,0,0
BRDA:1250,178,0,0
BRDA:1278,179,0,3
BRDA:1281,180,0,0
BRDA:1296,181,0,2
BRDA:1298,182,0,0
BRDA:1302,183,0,1
BRDA:1324,184,0,0
BRDA:1331,185,0,1
BRDA:1332,186,0,2
BRDA:1337,187,0,5
BRDA:1340,188,0,1
BRDA:1345,189,0,4
BRDA:1354,190,0,3
BRDA:1355,191,0,0
BRDA:1359,192,0,3
BRDA:1360,193,0,0
BRDA:1364,194,0,3
BRDA:1364,195,0,2
BRDA:1364,196,0,1
BRDA:1368,197,0,2
BRDA:1371,198,0,0
BRDA:1414,199,0,2
BRDA:1419,200,0,1
BRDA:1427,201,0,2
BRDA:1433,202,0,8
BRDA:1436,203,0,1
BRDA:1441,204,0,7
BRDA:1446,205,0,4
BRDA:1462,206,0,3
BRDA:1467,207,0,4
BRDA:1470,208,0,3
BRDA:1475,209,0,1
BRDA:1477,210,0,0
BRDA:1482,211,0,1
BRDA:1539,212,0,0
BRDA:1487,213,0,1
BRDA:1490,214,0,1
BRDA:1498,215,0,2
BRDA:1504,216,0,1
BRDA:1513,217,0,1
BRDA:1514,218,0,2
BRDA:1516,219,0,1
BRDA:1524,220,0,1
BRDA:1544,221,0,2
BRDA:1546,222,0,1
BRDA:1560,223,0,0
BRDA:1565,224,0,1
BRDA:1566,225,0,0
BRDA:1571,226,0,1
BRDA:1572,227,0,0
BRDA:1577,228,0,1
BRDA:1584,229,0,0
BRDA:1593,230,0,1
BRDA:1598,231,0,0
BRDA:1565,232,0,1
BRDA:1603,233,0,2
BRDA:1605,234,0,1
BRDA:1614,235,0,0
BRDA:1619,236,0,1
BRDA:1642,237,0,0
BRDA:1647,238,0,4
BRDA:1650,239,0,1
BRDA:1655,240,0,3
BRDA:1659,241,0,1
BRDA:1661,242,0,2
BRF:243
BRH:179
end_of_record
