TN:
SF:src\app.ts
FN:1,__name
FN:1,__export
FN:1,__copyProps
FN:1,get
FN:1,__toCommonJS
FN:1,getHomeNodeVoiceSessionManager
FN:1,handleHomeStateChangedEvent
FN:1,handleVoiceCaptureEvent
FN:1,publishDisplayFeedUpdatedEvent
FN:1,publishSnapshotUpdatedEvent
FN:1,publishSurfaceDeregisteredEvent
FN:1,publishSurfaceRegisteredEvent
FN:1,runGuardedWatchdogTick
FN:1,runSurfaceHealthWatchdog
FN:1,runVoiceRuntimeHealthWatchdog
FN:1,startHomeNodeService
FN:38,getHomeNodeVoiceSessionManager
FN:42,getDisplayFeedSignalVersion
FN:46,signalDisplayFeedUpdated
FN:62,waitForDisplayFeedSignal
FN:91,defaultSnapshot
FN:101,createEvent
FN:116,publishSnapshotUpdatedEvent
FN:146,publishDisplayFeedUpdatedEvent
FN:176,publishSurfaceRegisteredEvent
FN:186,publishSurfaceDeregisteredEvent
FN:201,handleHomeStateChangedEvent
FN:259,handleVoiceCaptureEvent
FN:274,createHealthChangedPayload
FN:288,runVoiceRuntimeHealthWatchdog
FN:320,buildVoiceHealthDetails
FN:333,runSurfaceHealthWatchdog
FN:381,runGuardedWatchdogTick
FN:399,startHomeNodeService
FNF:34
FNH:27
FNDA:36,__name
FNDA:2,__export
FNDA:2,__copyProps
FNDA:22,get
FNDA:2,__toCommonJS
FNDA:0,getHomeNodeVoiceSessionManager
FNDA:5,handleHomeStateChangedEvent
FNDA:1,handleVoiceCaptureEvent
FNDA:2,publishDisplayFeedUpdatedEvent
FNDA:2,publishSnapshotUpdatedEvent
FNDA:1,publishSurfaceDeregisteredEvent
FNDA:1,publishSurfaceRegisteredEvent
FNDA:5,runGuardedWatchdogTick
FNDA:2,runSurfaceHealthWatchdog
FNDA:3,runVoiceRuntimeHealthWatchdog
FNDA:0,startHomeNodeService
FNDA:0,getHomeNodeVoiceSessionManager
FNDA:0,getDisplayFeedSignalVersion
FNDA:0,signalDisplayFeedUpdated
FNDA:0,waitForDisplayFeedSignal
FNDA:3,defaultSnapshot
FNDA:12,createEvent
FNDA:6,publishSnapshotUpdatedEvent
FNDA:4,publishDisplayFeedUpdatedEvent
FNDA:1,publishSurfaceRegisteredEvent
FNDA:1,publishSurfaceDeregisteredEvent
FNDA:5,handleHomeStateChangedEvent
FNDA:1,handleVoiceCaptureEvent
FNDA:1,createHealthChangedPayload
FNDA:3,runVoiceRuntimeHealthWatchdog
FNDA:1,buildVoiceHealthDetails
FNDA:2,runSurfaceHealthWatchdog
FNDA:5,runGuardedWatchdogTick
FNDA:0,startHomeNodeService
DA:1,1
DA:2,1
DA:3,1
DA:4,1
DA:5,1
DA:6,1
DA:7,1
DA:8,1
DA:9,1
DA:10,1
DA:11,1
DA:12,1
DA:13,1
DA:14,1
DA:15,1
DA:16,1
DA:17,1
DA:18,1
DA:19,1
DA:20,1
DA:21,1
DA:22,1
DA:23,1
DA:24,1
DA:25,1
DA:26,1
DA:27,1
DA:28,1
DA:29,1
DA:30,1
DA:31,1
DA:32,1
DA:33,1
DA:34,1
DA:35,1
DA:36,1
DA:37,1
DA:38,1
DA:39,0
DA:40,0
DA:41,1
DA:42,0
DA:43,0
DA:44,0
DA:45,1
DA:46,0
DA:47,0
DA:48,0
DA:49,0
DA:50,0
DA:51,0
DA:52,0
DA:53,0
DA:54,0
DA:55,0
DA:56,0
DA:57,0
DA:58,0
DA:59,0
DA:60,0
DA:61,1
DA:62,0
DA:63,0
DA:64,0
DA:65,0
DA:66,0
DA:67,0
DA:68,0
DA:69,0
DA:70,0
DA:71,0
DA:72,0
DA:73,0
DA:74,0
DA:75,0
DA:76,0
DA:77,0
DA:78,0
DA:79,0
DA:80,0
DA:81,0
DA:82,0
DA:83,0
DA:84,0
DA:85,0
DA:86,0
DA:87,0
DA:88,0
DA:89,0
DA:90,1
DA:91,3
DA:92,3
DA:93,3
DA:94,3
DA:95,3
DA:96,3
DA:97,3
DA:98,3
DA:99,3
DA:100,1
DA:101,12
DA:102,12
DA:103,12
DA:104,12
DA:105,12
DA:106,12
DA:107,12
DA:108,12
DA:109,12
DA:110,12
DA:111,12
DA:112,12
DA:113,12
DA:114,12
DA:115,1
DA:116,6
DA:117,6
DA:118,6
DA:119,6
DA:120,6
DA:121,6
DA:122,6
DA:123,6
DA:124,1
DA:125,1
DA:126,1
DA:127,1
DA:128,1
DA:129,1
DA:130,1
DA:131,1
DA:132,6
DA:133,6
DA:134,5
DA:135,5
DA:136,5
DA:137,5
DA:138,5
DA:139,5
DA:140,5
DA:141,5
DA:142,5
DA:143,5
DA:144,6
DA:145,1
DA:146,4
DA:147,4
DA:148,4
DA:149,4
DA:150,4
DA:151,4
DA:152,4
DA:153,4
DA:154,1
DA:155,1
DA:156,1
DA:157,1
DA:158,1
DA:159,1
DA:160,1
DA:161,1
DA:162,4
DA:163,4
DA:164,3
DA:165,3
DA:166,3
DA:167,3
DA:168,3
DA:169,3
DA:170,3
DA:171,3
DA:172,3
DA:173,3
DA:174,4
DA:175,1
DA:176,1
DA:177,1
DA:178,1
DA:179,1
DA:180,1
DA:181,1
DA:182,1
DA:183,1
DA:184,1
DA:185,1
DA:186,1
DA:187,1
DA:188,1
DA:189,1
DA:190,1
DA:191,1
DA:192,1
DA:193,1
DA:194,1
DA:195,1
DA:196,1
DA:197,1
DA:198,1
DA:199,1
DA:200,1
DA:201,5
DA:202,5
DA:203,5
DA:204,5
DA:205,5
DA:206,5
DA:207,5
DA:208,1
DA:209,1
DA:210,1
DA:211,1
DA:212,1
DA:213,1
DA:214,1
DA:215,1
DA:216,1
DA:217,1
DA:218,1
DA:219,1
DA:220,1
DA:221,1
DA:222,1
DA:223,1
DA:224,1
DA:225,5
DA:226,5
DA:227,4
DA:228,5
DA:229,5
DA:230,5
DA:231,5
DA:232,5
DA:233,5
DA:234,5
DA:235,5
DA:236,5
DA:237,5
DA:238,5
DA:239,5
DA:240,5
DA:241,5
DA:242,5
DA:243,5
DA:244,5
DA:245,5
DA:246,5
DA:247,5
DA:248,5
DA:249,5
DA:250,2
DA:251,2
DA:252,2
DA:253,2
DA:254,2
DA:255,2
DA:256,2
DA:257,5
DA:258,1
DA:259,1
DA:260,1
DA:261,1
DA:262,1
DA:263,1
DA:264,1
DA:265,1
DA:266,1
DA:267,1
DA:268,1
DA:269,1
DA:270,1
DA:271,1
DA:272,1
DA:273,1
DA:274,1
DA:275,1
DA:276,1
DA:277,1
DA:278,1
DA:279,1
DA:280,1
DA:281,1
DA:282,1
DA:283,1
DA:284,1
DA:285,1
DA:286,1
DA:287,1
DA:288,3
DA:289,3
DA:290,3
DA:291,3
DA:292,3
DA:293,3
DA:294,1
DA:295,1
DA:296,3
DA:297,3
DA:298,3
DA:299,1
DA:300,1
DA:301,1
DA:302,1
DA:303,1
DA:304,1
DA:305,1
DA:306,0
DA:307,0
DA:308,0
DA:309,1
DA:310,1
DA:311,1
DA:312,1
DA:313,1
DA:314,1
DA:315,1
DA:316,3
DA:317,3
DA:318,3
DA:319,1
DA:320,1
DA:321,1
DA:322,1
DA:323,1
DA:324,1
DA:325,1
DA:326,1
DA:327,1
DA:328,1
DA:329,1
DA:330,1
DA:331,1
DA:332,1
DA:333,2
DA:334,2
DA:335,2
DA:336,2
DA:337,2
DA:338,2
DA:339,2
DA:340,2
DA:341,2
DA:342,2
DA:343,1
DA:344,0
DA:345,0
DA:346,1
DA:347,1
DA:348,1
DA:349,1
DA:350,1
DA:351,2
DA:352,2
DA:353,1
DA:354,1
DA:355,1
DA:356,1
DA:357,1
DA:358,1
DA:359,1
DA:360,1
DA:361,1
DA:362,1
DA:363,1
DA:364,1
DA:365,1
DA:366,1
DA:367,1
DA:368,1
DA:369,1
DA:370,1
DA:371,1
DA:372,1
DA:373,2
DA:374,1
DA:375,1
DA:376,1
DA:377,1
DA:378,1
DA:379,1
DA:380,1
DA:381,5
DA:382,5
DA:383,5
DA:384,4
DA:385,4
DA:386,5
DA:387,1
DA:388,1
DA:389,1
DA:390,1
DA:391,1
DA:392,1
DA:393,5
DA:394,4
DA:395,4
DA:396,4
DA:397,5
DA:398,1
DA:399,0
DA:400,0
DA:401,0
DA:402,0
DA:403,0
DA:404,0
DA:405,0
DA:406,0
DA:407,0
DA:408,0
DA:409,0
DA:410,0
DA:411,0
DA:412,0
DA:413,0
DA:414,0
DA:415,0
DA:416,0
DA:417,0
DA:418,0
DA:419,0
DA:420,0
DA:421,0
DA:422,0
DA:423,0
DA:424,0
DA:425,0
DA:426,0
DA:427,0
DA:428,0
DA:429,0
DA:430,0
DA:431,0
DA:432,0
DA:433,0
DA:434,0
DA:435,0
DA:436,0
DA:437,0
DA:438,0
DA:439,0
DA:440,0
DA:441,0
DA:442,0
DA:443,0
DA:444,0
DA:445,0
DA:446,0
DA:447,0
DA:448,0
DA:449,0
DA:450,0
DA:451,0
DA:452,0
DA:453,0
DA:454,0
DA:455,0
DA:456,0
DA:457,0
DA:458,0
DA:459,0
DA:460,0
DA:461,0
DA:462,0
DA:463,0
DA:464,0
DA:465,0
DA:466,0
DA:467,0
DA:468,0
DA:469,0
DA:470,0
DA:471,0
DA:472,0
DA:473,0
DA:474,0
DA:475,0
DA:476,0
DA:477,0
DA:478,0
DA:479,0
DA:480,0
DA:481,0
DA:482,0
DA:483,0
DA:484,0
DA:485,0
DA:486,0
DA:487,0
DA:488,0
DA:489,0
DA:490,0
DA:491,0
DA:492,0
DA:493,0
DA:494,0
DA:495,0
DA:496,0
DA:497,0
DA:498,0
DA:499,0
DA:500,0
DA:501,0
DA:502,0
DA:503,0
DA:504,0
DA:505,0
DA:506,0
DA:507,0
DA:508,0
DA:509,0
DA:510,0
DA:511,0
DA:512,0
DA:513,0
DA:514,0
DA:515,0
DA:516,0
DA:517,0
DA:518,0
DA:519,0
DA:520,0
DA:521,0
DA:522,0
DA:523,0
DA:524,0
DA:525,0
DA:526,0
DA:527,0
DA:528,0
DA:529,0
DA:530,0
DA:531,0
DA:532,0
DA:533,0
DA:534,0
DA:535,0
DA:536,0
DA:537,0
DA:538,0
DA:539,0
DA:540,0
DA:541,0
DA:542,0
DA:543,0
DA:544,0
DA:545,0
DA:546,0
DA:547,0
DA:548,0
DA:549,0
DA:550,0
DA:551,0
DA:552,0
DA:553,0
DA:554,0
DA:555,0
DA:556,0
DA:557,0
DA:558,0
DA:559,0
DA:560,0
DA:561,0
DA:562,0
DA:563,0
DA:564,0
DA:565,0
DA:566,0
DA:567,0
LF:567
LH:345
BRDA:399,0,0,0
BRDA:1,1,0,36
BRDA:1,2,0,2
BRDA:1,3,0,22
BRDA:1,4,0,2
BRDA:1,5,0,0
BRDA:1,6,0,22
BRDA:1,7,0,22
BRDA:1,8,0,2
BRDA:1,9,0,5
BRDA:1,10,0,1
BRDA:1,11,0,2
BRDA:1,12,0,2
BRDA:1,13,0,1
BRDA:1,14,0,1
BRDA:1,15,0,5
BRDA:1,16,0,2
BRDA:1,17,0,3
BRDA:91,18,0,3
BRDA:101,19,0,12
BRDA:116,20,0,6
BRDA:123,21,0,1
BRDA:133,22,0,5
BRDA:146,23,0,4
BRDA:153,24,0,1
BRDA:163,25,0,3
BRDA:176,26,0,1
BRDA:186,27,0,1
BRDA:201,28,0,5
BRDA:207,29,0,1
BRDA:226,30,0,4
BRDA:227,31,0,3
BRDA:249,32,0,4
BRDA:249,33,0,2
BRDA:259,34,0,1
BRDA:274,35,0,1
BRDA:288,36,0,3
BRDA:293,37,0,1
BRDA:297,38,0,2
BRDA:298,39,0,1
BRDA:298,40,0,1
BRDA:304,41,0,0
BRDA:305,42,0,0
BRDA:317,43,0,2
BRDA:320,44,0,1
BRDA:333,45,0,2
BRDA:342,46,0,1
BRDA:343,47,0,0
BRDA:352,48,0,1
BRDA:381,49,0,5
BRDA:382,50,0,1
BRDA:383,51,0,4
BRDA:386,52,0,3
BRDA:386,53,0,1
BRDA:390,54,0,0
BRDA:393,55,0,4
BRF:56
BRH:50
end_of_record
TN:
SF:src\feed.ts
FN:1,__name
FN:1,__export
FN:1,__copyProps
FN:1,get
FN:1,__toCommonJS
FN:1,DISPLAY_FEED_CACHE_TTL_MS
FN:1,DisplayFeedAggregator
FN:1,applyContentFilter
FN:1,buildDisplayFeed
FN:58,applyContentFilter
FN:85,resolveEffectiveTrustLevel
FN:96,buildNotices
FN:129,buildDisplayFeed
FN:147,fetchDashboardDataWithAuth
FN:167,createDashboardServiceTokenProvider
FN:188,normalizeDashboardBaseUrl
FN:197,<instance_members_initializer>
FN:202,DisplayFeedAggregator
FN:204,now
FN:1,<static_initializer>
FN:214,getFromCache
FN:218,getDisplayFeed
FNF:22
FNH:21
FNDA:16,__name
FNDA:2,__export
FNDA:2,__copyProps
FNDA:14,get
FNDA:2,__toCommonJS
FNDA:2,DISPLAY_FEED_CACHE_TTL_MS
FNDA:8,DisplayFeedAggregator
FNDA:4,applyContentFilter
FNDA:0,buildDisplayFeed
FNDA:15,applyContentFilter
FNDA:11,resolveEffectiveTrustLevel
FNDA:7,buildNotices
FNDA:7,buildDisplayFeed
FNDA:1,fetchDashboardDataWithAuth
FNDA:7,createDashboardServiceTokenProvider
FNDA:8,normalizeDashboardBaseUrl
FNDA:8,<instance_members_initializer>
FNDA:8,DisplayFeedAggregator
FNDA:4,now
FNDA:2,<static_initializer>
FNDA:11,getFromCache
FNDA:11,getDisplayFeed
DA:1,2
DA:2,2
DA:3,2
DA:4,2
DA:5,2
DA:6,2
DA:7,2
DA:8,2
DA:9,2
DA:10,2
DA:11,2
DA:12,2
DA:13,2
DA:14,2
DA:15,2
DA:16,2
DA:17,2
DA:18,2
DA:19,2
DA:20,2
DA:21,2
DA:22,2
DA:23,2
DA:24,2
DA:25,2
DA:26,2
DA:27,2
DA:28,2
DA:29,2
DA:30,2
DA:31,2
DA:32,2
DA:33,2
DA:34,2
DA:35,2
DA:36,2
DA:37,2
DA:38,2
DA:39,2
DA:40,2
DA:41,2
DA:42,2
DA:43,2
DA:44,2
DA:45,2
DA:46,2
DA:47,2
DA:48,2
DA:49,2
DA:50,2
DA:51,2
DA:52,2
DA:53,2
DA:54,2
DA:55,2
DA:56,2
DA:57,2
DA:58,2
DA:59,2
DA:60,2
DA:61,2
DA:62,2
DA:63,2
DA:64,2
DA:65,2
DA:66,2
DA:67,2
DA:68,2
DA:69,2
DA:70,2
DA:71,2
DA:72,2
DA:73,2
DA:74,2
DA:75,2
DA:76,2
DA:77,2
DA:78,2
DA:79,2
DA:80,2
DA:81,2
DA:82,2
DA:83,2
DA:84,2
DA:85,2
DA:86,2
DA:87,2
DA:88,2
DA:89,2
DA:90,2
DA:91,2
DA:92,2
DA:93,2
DA:94,2
DA:95,2
DA:96,2
DA:97,2
DA:98,2
DA:99,2
DA:100,2
DA:101,2
DA:102,2
DA:103,2
DA:104,2
DA:105,2
DA:106,2
DA:107,2
DA:108,2
DA:109,2
DA:110,2
DA:111,2
DA:112,2
DA:113,2
DA:114,2
DA:115,2
DA:116,2
DA:117,2
DA:118,2
DA:119,2
DA:120,2
DA:121,2
DA:122,2
DA:123,2
DA:124,2
DA:125,2
DA:126,2
DA:127,2
DA:128,2
DA:129,2
DA:130,2
DA:131,2
DA:132,2
DA:133,2
DA:134,2
DA:135,2
DA:136,2
DA:137,2
DA:138,2
DA:139,2
DA:140,2
DA:141,2
DA:142,2
DA:143,2
DA:144,2
DA:145,2
DA:146,2
DA:147,2
DA:148,2
DA:149,2
DA:150,2
DA:151,2
DA:152,2
DA:153,2
DA:154,2
DA:155,2
DA:156,2
DA:157,2
DA:158,2
DA:159,2
DA:160,2
DA:161,2
DA:162,2
DA:163,2
DA:164,2
DA:165,2
DA:166,2
DA:167,2
DA:168,2
DA:169,2
DA:170,2
DA:171,2
DA:172,2
DA:173,2
DA:174,2
DA:175,2
DA:176,2
DA:177,2
DA:178,2
DA:179,2
DA:180,2
DA:181,2
DA:182,2
DA:183,2
DA:184,2
DA:185,2
DA:186,2
DA:187,2
DA:188,2
DA:189,2
DA:190,2
DA:191,2
DA:192,2
DA:193,2
DA:194,2
DA:195,2
DA:196,2
DA:197,2
DA:198,8
DA:199,8
DA:200,8
DA:201,8
DA:202,8
DA:203,8
DA:204,8
DA:205,8
DA:206,8
DA:207,8
DA:208,8
DA:209,8
DA:210,8
DA:211,8
DA:212,8
DA:213,8
DA:214,8
DA:215,11
DA:216,11
DA:217,8
DA:218,8
DA:219,11
DA:220,11
DA:221,11
DA:222,11
DA:223,11
DA:224,11
DA:225,11
DA:226,11
DA:227,2
DA:228,2
DA:229,2
DA:230,2
DA:231,2
DA:232,2
DA:233,2
DA:234,11
DA:235,11
DA:236,9
DA:237,9
DA:238,9
DA:239,0
DA:240,11
DA:241,11
DA:242,11
DA:243,11
DA:244,11
DA:245,5
DA:246,5
DA:247,5
DA:248,5
DA:249,5
DA:250,5
DA:251,5
DA:252,5
DA:253,5
DA:254,5
DA:255,5
DA:256,5
DA:257,5
DA:258,5
DA:259,8
DA:260,4
DA:261,2
DA:262,2
DA:263,2
DA:264,2
DA:265,2
DA:266,2
DA:267,2
DA:268,2
DA:269,2
DA:270,2
DA:271,2
DA:272,2
DA:273,2
DA:274,2
DA:275,2
DA:276,2
DA:277,2
DA:278,2
DA:279,2
DA:280,2
DA:281,2
DA:282,2
DA:283,2
DA:284,2
DA:285,2
DA:286,11
DA:287,8
LF:287
LH:286
BRDA:287,0,0,0
BRDA:1,1,0,16
BRDA:1,2,0,2
BRDA:1,3,0,8
BRDA:1,4,0,2
BRDA:1,5,0,0
BRDA:1,6,0,8
BRDA:1,7,0,14
BRDA:1,8,0,2
BRDA:1,9,0,2
BRDA:1,10,0,8
BRDA:1,11,0,4
BRDA:58,12,0,15
BRDA:62,13,0,1
BRDA:66,14,0,14
BRDA:68,15,0,1
BRDA:79,16,0,13
BRDA:66,17,0,16
BRDA:74,18,0,2
BRDA:85,19,0,11
BRDA:89,20,0,0
BRDA:96,21,0,7
BRDA:99,22,0,2
BRDA:108,23,0,0
BRDA:117,24,0,0
BRDA:129,25,0,7
BRDA:130,26,0,0
BRDA:131,27,0,0
BRDA:134,28,0,2
BRDA:135,29,0,2
BRDA:136,30,0,2
BRDA:137,31,0,2
BRDA:139,32,0,5
BRDA:139,33,0,2
BRDA:139,34,0,2
BRDA:140,35,0,5
BRDA:147,36,0,1
BRDA:159,37,0,0
BRDA:167,38,0,7
BRDA:171,39,0,8
BRDA:173,40,0,2
BRDA:173,41,0,2
BRDA:177,42,0,6
BRDA:181,43,0,0
BRDA:188,44,0,8
BRDA:189,45,0,7
BRDA:190,46,0,7
BRDA:194,47,0,1
BRDA:197,48,0,8
BRDA:202,49,0,8
BRDA:208,50,0,7
BRDA:211,51,0,7
BRDA:204,52,0,4
BRDA:1,53,0,2
BRDA:214,54,0,11
BRDA:218,55,0,11
BRDA:226,56,0,4
BRDA:226,57,0,2
BRDA:235,58,0,9
BRDA:238,59,0,0
BRDA:244,60,0,8
BRDA:244,61,0,5
BRDA:259,62,0,4
BRDA:260,63,0,2
BRF:64
BRH:54
end_of_record
TN:
SF:src\routes.ts
FN:1,__name
FN:1,__export
FN:1,__copyProps
FN:1,get
FN:1,__toCommonJS
FN:1,registerHomeNodeRoutes
FN:55,defaultSnapshot
FN:76,parseBooleanFilter
FN:93,validateRouteSecret
FN:107,readHeaderValue
FN:119,isAuthorizedSurfaceMutation
FN:132,registerHomeNodeRoutes
FNF:12
FNH:12
FNDA:103,__name
FNDA:2,__export
FNDA:2,__copyProps
FNDA:19,get
FNDA:2,__toCommonJS
FNDA:19,registerHomeNodeRoutes
FNDA:1,defaultSnapshot
FNDA:1,parseBooleanFilter
FNDA:35,validateRouteSecret
FNDA:35,readHeaderValue
FNDA:35,isAuthorizedSurfaceMutation
FNDA:19,registerHomeNodeRoutes
DA:1,1
DA:2,1
DA:3,1
DA:4,1
DA:5,1
DA:6,1
DA:7,1
DA:8,1
DA:9,1
DA:10,1
DA:11,1
DA:12,1
DA:13,1
DA:14,1
DA:15,1
DA:16,1
DA:17,1
DA:18,1
DA:19,1
DA:20,1
DA:21,1
DA:22,1
DA:23,1
DA:24,1
DA:25,1
DA:26,1
DA:27,1
DA:28,1
DA:29,1
DA:30,1
DA:31,1
DA:32,1
DA:33,1
DA:34,1
DA:35,1
DA:36,1
DA:37,1
DA:38,1
DA:39,1
DA:40,1
DA:41,1
DA:42,1
DA:43,1
DA:44,1
DA:45,1
DA:46,1
DA:47,1
DA:48,1
DA:49,1
DA:50,1
DA:51,1
DA:52,1
DA:53,1
DA:54,1
DA:55,1
DA:56,1
DA:57,1
DA:58,1
DA:59,1
DA:60,1
DA:61,1
DA:62,1
DA:63,1
DA:64,1
DA:65,1
DA:66,1
DA:67,1
DA:68,1
DA:69,1
DA:70,1
DA:71,1
DA:72,1
DA:73,1
DA:74,1
DA:75,1
DA:76,1
DA:77,1
DA:78,1
DA:79,1
DA:80,1
DA:81,1
DA:82,1
DA:83,0
DA:84,0
DA:85,0
DA:86,1
DA:87,0
DA:88,0
DA:89,0
DA:90,0
DA:91,1
DA:92,1
DA:93,35
DA:94,35
DA:95,11
DA:96,11
DA:97,35
DA:98,35
DA:99,24
DA:100,35
DA:101,7
DA:102,7
DA:103,35
DA:104,35
DA:105,35
DA:106,1
DA:107,35
DA:108,35
DA:109,11
DA:110,11
DA:111,35
DA:112,35
DA:113,0
DA:114,0
DA:115,35
DA:116,35
DA:117,35
DA:118,1
DA:119,35
DA:120,35
DA:121,35
DA:122,35
DA:123,35
DA:124,35
DA:125,35
DA:126,0
DA:127,35
DA:128,35
DA:129,35
DA:130,35
DA:131,1
DA:132,1
DA:133,19
DA:134,19
DA:135,19
DA:136,19
DA:137,19
DA:138,19
DA:139,19
DA:140,19
DA:141,19
DA:142,19
DA:143,19
DA:144,8
DA:145,4
DA:146,4
DA:147,4
DA:148,4
DA:149,8
DA:150,8
DA:151,8
DA:152,8
DA:153,8
DA:154,8
DA:155,8
DA:156,8
DA:157,8
DA:158,8
DA:159,8
DA:160,8
DA:161,8
DA:162,0
DA:163,0
DA:164,0
DA:165,0
DA:166,0
DA:167,0
DA:168,8
DA:169,19
DA:170,19
DA:171,19
DA:172,19
DA:173,19
DA:174,19
DA:175,19
DA:176,7
DA:177,4
DA:178,4
DA:179,7
DA:180,7
DA:181,7
DA:182,7
DA:183,0
DA:184,0
DA:185,7
DA:186,7
DA:187,3
DA:188,3
DA:189,3
DA:190,3
DA:191,3
DA:192,3
DA:193,3
DA:194,7
DA:195,0
DA:196,0
DA:197,0
DA:198,0
DA:199,0
DA:200,0
DA:201,7
DA:202,19
DA:203,19
DA:204,19
DA:205,19
DA:206,19
DA:207,19
DA:208,19
DA:209,6
DA:210,4
DA:211,4
DA:212,6
DA:213,6
DA:214,6
DA:215,0
DA:216,0
DA:217,6
DA:218,6
DA:219,6
DA:220,1
DA:221,1
DA:222,1
DA:223,1
DA:224,6
DA:225,19
DA:226,19
DA:227,19
DA:228,3
DA:229,3
DA:230,3
DA:231,3
DA:232,3
DA:233,1
DA:234,1
DA:235,3
DA:236,3
DA:237,3
DA:238,0
DA:239,0
DA:240,3
DA:241,3
DA:242,2
DA:243,3
DA:244,0
DA:245,0
DA:246,3
DA:247,3
DA:248,3
DA:249,0
DA:250,0
DA:251,3
DA:252,3
DA:253,2
DA:254,1
DA:255,3
DA:256,3
DA:257,3
DA:258,3
DA:259,3
DA:260,3
DA:261,3
DA:262,3
DA:263,3
DA:264,0
DA:265,0
DA:266,3
DA:267,19
DA:268,19
DA:269,19
DA:270,19
DA:271,19
DA:272,19
DA:273,19
DA:274,19
DA:275,19
DA:276,19
DA:277,19
DA:278,19
DA:279,19
DA:280,4
DA:281,4
DA:282,1
DA:283,1
DA:284,4
DA:285,4
DA:286,4
DA:287,0
DA:288,0
DA:289,4
DA:290,4
DA:291,3
DA:292,4
DA:293,0
DA:294,0
DA:295,4
DA:296,4
DA:297,3
DA:298,3
DA:299,3
DA:300,3
DA:301,4
DA:302,4
DA:303,0
DA:304,0
DA:305,4
DA:306,4
DA:307,4
DA:308,4
DA:309,4
DA:310,4
DA:311,4
DA:312,4
DA:313,4
DA:314,4
DA:315,2
DA:316,1
DA:317,4
DA:318,4
DA:319,4
DA:320,0
DA:321,0
DA:322,4
DA:323,19
DA:324,19
DA:325,19
DA:326,0
DA:327,0
DA:328,0
DA:329,0
DA:330,0
DA:331,0
DA:332,0
DA:333,0
DA:334,0
DA:335,0
DA:336,0
DA:337,0
DA:338,0
DA:339,0
DA:340,0
DA:341,0
DA:342,0
DA:343,0
DA:344,0
DA:345,0
DA:346,0
DA:347,0
DA:348,0
DA:349,0
DA:350,0
DA:351,0
DA:352,0
DA:353,0
DA:354,0
DA:355,0
DA:356,0
DA:357,0
DA:358,0
DA:359,0
DA:360,0
DA:361,0
DA:362,0
DA:363,0
DA:364,0
DA:365,0
DA:366,0
DA:367,0
DA:368,0
DA:369,19
DA:370,19
DA:371,19
DA:372,19
DA:373,19
DA:374,19
DA:375,19
DA:376,19
DA:377,19
DA:378,19
DA:379,19
DA:380,19
DA:381,19
DA:382,19
DA:383,19
DA:384,19
DA:385,19
DA:386,19
DA:387,19
DA:388,2
DA:389,1
DA:390,1
DA:391,1
DA:392,2
DA:393,2
DA:394,0
DA:395,0
DA:396,2
DA:397,2
DA:398,2
DA:399,0
DA:400,0
DA:401,2
DA:402,2
DA:403,2
DA:404,2
DA:405,19
DA:406,19
DA:407,19
DA:408,19
DA:409,19
DA:410,19
DA:411,19
DA:412,3
DA:413,2
DA:414,2
DA:415,3
DA:416,3
DA:417,1
DA:418,1
DA:419,1
DA:420,1
DA:421,1
DA:422,1
DA:423,3
DA:424,3
DA:425,0
DA:426,0
DA:427,3
DA:428,3
DA:429,1
DA:430,3
DA:431,3
DA:432,3
DA:433,3
DA:434,3
DA:435,3
DA:436,3
DA:437,19
DA:438,19
DA:439,19
DA:440,19
DA:441,19
DA:442,19
DA:443,19
DA:444,2
DA:445,1
DA:446,1
DA:447,1
DA:448,2
DA:449,2
DA:450,0
DA:451,0
DA:452,2
DA:453,2
DA:454,2
DA:455,0
DA:456,1
DA:457,2
DA:458,2
DA:459,0
DA:460,0
DA:461,2
DA:462,2
DA:463,2
DA:464,19
DA:465,19
LF:465
LH:369
BRDA:132,0,0,0
BRDA:1,1,0,103
BRDA:1,2,0,2
BRDA:1,3,0,2
BRDA:1,4,0,0
BRDA:1,5,0,19
BRDA:1,6,0,2
BRDA:1,7,0,19
BRDA:55,8,0,1
BRDA:76,9,0,1
BRDA:77,10,0,0
BRDA:81,11,0,0
BRDA:82,12,0,0
BRDA:86,13,0,0
BRDA:93,14,0,35
BRDA:94,15,0,11
BRDA:98,16,0,24
BRDA:100,17,0,7
BRDA:104,18,0,17
BRDA:107,19,0,35
BRDA:108,20,0,11
BRDA:112,21,0,24
BRDA:112,22,0,0
BRDA:116,23,0,24
BRDA:119,24,0,35
BRDA:125,25,0,15
BRDA:125,26,0,0
BRDA:129,27,0,11
BRDA:132,28,0,19
BRDA:137,29,0,0
BRDA:143,30,0,8
BRDA:144,31,0,4
BRDA:149,32,0,0
BRDA:161,33,0,0
BRDA:175,34,0,7
BRDA:176,35,0,4
BRDA:180,36,0,3
BRDA:181,37,0,0
BRDA:182,38,0,0
BRDA:186,39,0,3
BRDA:194,40,0,0
BRDA:208,41,0,6
BRDA:209,42,0,4
BRDA:213,43,0,2
BRDA:213,44,0,0
BRDA:214,45,0,0
BRDA:218,46,0,2
BRDA:219,47,0,1
BRDA:227,48,0,3
BRDA:232,49,0,1
BRDA:236,50,0,2
BRDA:236,51,0,0
BRDA:237,52,0,0
BRDA:241,53,0,2
BRDA:243,54,0,0
BRDA:247,55,0,2
BRDA:248,56,0,0
BRDA:252,57,0,2
BRDA:253,58,0,1
BRDA:262,59,0,2
BRDA:263,60,0,0
BRDA:279,61,0,4
BRDA:281,62,0,1
BRDA:285,63,0,3
BRDA:285,64,0,0
BRDA:286,65,0,0
BRDA:290,66,0,3
BRDA:292,67,0,0
BRDA:296,68,0,3
BRDA:301,69,0,0
BRDA:301,70,0,3
BRDA:302,71,0,0
BRDA:306,72,0,3
BRDA:306,73,0,0
BRDA:308,74,0,0
BRDA:312,75,0,3
BRDA:312,76,0,0
BRDA:314,77,0,3
BRDA:314,78,0,2
BRDA:315,79,0,1
BRDA:319,80,0,0
BRDA:387,81,0,2
BRDA:388,82,0,1
BRDA:392,83,0,0
BRDA:393,84,0,0
BRDA:397,85,0,1
BRDA:398,86,0,0
BRDA:402,87,0,1
BRDA:402,88,0,0
BRDA:403,89,0,1
BRDA:411,90,0,3
BRDA:412,91,0,2
BRDA:416,92,0,1
BRDA:423,93,0,0
BRDA:424,94,0,0
BRDA:428,95,0,1
BRDA:430,96,0,0
BRDA:430,97,0,1
BRDA:431,98,0,0
BRDA:431,99,0,1
BRDA:443,100,0,2
BRDA:444,101,0,1
BRDA:448,102,0,0
BRDA:449,103,0,0
BRDA:453,104,0,1
BRDA:454,105,0,0
BRDA:454,106,0,0
BRDA:455,107,0,1
BRDA:458,108,0,0
BRDA:462,109,0,1
BRF:110
BRH:67
end_of_record
