<?xml version="1.0" encoding="UTF-8"?>
<coverage generated="1776093625666" clover="3.2.0">
  <project timestamp="1776093625666" name="All files">
    <metrics statements="98" coveredstatements="81" conditionals="79" coveredconditionals="64" methods="20" coveredmethods="17" elements="197" coveredelements="162" complexity="0" loc="98" ncloc="98" packages="1" files="2" classes="2"/>
    <file name="index.js" path="F:\Projects\LifeOS\packages\security\src\index.js">
      <metrics statements="97" coveredstatements="80" conditionals="79" coveredconditionals="64" methods="20" coveredmethods="17"/>
      <line num="3" count="1" type="stmt"/>
      <line num="4" count="1" type="stmt"/>
      <line num="5" count="1" type="stmt"/>
      <line num="6" count="1" type="stmt"/>
      <line num="7" count="1" type="stmt"/>
      <line num="9" count="25" type="stmt"/>
      <line num="16" count="22" type="stmt"/>
      <line num="17" count="22" type="cond" truecount="2" falsecount="0"/>
      <line num="18" count="22" type="stmt"/>
      <line num="21" count="22" type="stmt"/>
      <line num="22" count="22" type="stmt"/>
      <line num="23" count="22" type="cond" truecount="4" falsecount="1"/>
      <line num="24" count="0" type="stmt"/>
      <line num="26" count="21" type="stmt"/>
      <line num="29" count="1" type="stmt"/>
      <line num="33" count="20" type="stmt"/>
      <line num="34" count="20" type="cond" truecount="2" falsecount="0"/>
      <line num="35" count="10" type="stmt"/>
      <line num="37" count="10" type="stmt"/>
      <line num="38" count="20" type="cond" truecount="2" falsecount="0"/>
      <line num="39" count="4" type="stmt"/>
      <line num="41" count="6" type="cond" truecount="2" falsecount="0"/>
      <line num="42" count="2" type="stmt"/>
      <line num="44" count="4" type="cond" truecount="4" falsecount="0"/>
      <line num="46" count="1" type="stmt"/>
      <line num="48" count="1" type="stmt"/>
      <line num="50" count="3" type="stmt"/>
      <line num="55" count="17" type="cond" truecount="2" falsecount="0"/>
      <line num="56" count="17" type="cond" truecount="4" falsecount="0"/>
      <line num="57" count="1" type="stmt"/>
      <line num="59" count="16" type="stmt"/>
      <line num="62" count="2" type="stmt"/>
      <line num="63" count="2" type="cond" truecount="1" falsecount="1"/>
      <line num="64" count="2" type="stmt"/>
      <line num="66" count="0" type="stmt"/>
      <line num="68" count="0" type="stmt"/>
      <line num="69" count="0" type="stmt"/>
      <line num="70" count="0" type="cond" truecount="0" falsecount="2"/>
      <line num="73" count="15" type="stmt"/>
      <line num="74" count="15" type="stmt"/>
      <line num="77" count="10" type="stmt"/>
      <line num="78" count="10" type="stmt"/>
      <line num="79" count="10" type="cond" truecount="1" falsecount="1"/>
      <line num="80" count="0" type="stmt"/>
      <line num="82" count="10" type="stmt"/>
      <line num="90" count="20" type="cond" truecount="2" falsecount="0"/>
      <line num="91" count="20" type="cond" truecount="2" falsecount="0"/>
      <line num="92" count="20" type="stmt"/>
      <line num="93" count="20" type="stmt"/>
      <line num="94" count="20" type="stmt"/>
      <line num="97" count="17" type="cond" truecount="3" falsecount="1"/>
      <line num="98" count="0" type="stmt"/>
      <line num="102" count="5" type="stmt"/>
      <line num="103" count="5" type="stmt"/>
      <line num="107" count="7" type="stmt"/>
      <line num="113" count="5" type="stmt"/>
      <line num="117" count="5" type="stmt"/>
      <line num="118" count="5" type="stmt"/>
      <line num="119" count="5" type="stmt"/>
      <line num="125" count="11" type="stmt"/>
      <line num="126" count="11" type="cond" truecount="1" falsecount="1"/>
      <line num="127" count="0" type="stmt"/>
      <line num="129" count="11" type="stmt"/>
      <line num="130" count="11" type="cond" truecount="4" falsecount="1"/>
      <line num="131" count="0" type="stmt"/>
      <line num="133" count="11" type="stmt"/>
      <line num="134" count="11" type="stmt"/>
      <line num="135" count="11" type="cond" truecount="4" falsecount="0"/>
      <line num="136" count="1" type="stmt"/>
      <line num="138" count="10" type="cond" truecount="3" falsecount="1"/>
      <line num="139" count="0" type="stmt"/>
      <line num="141" count="10" type="stmt"/>
      <line num="142" count="10" type="cond" truecount="2" falsecount="0"/>
      <line num="143" count="2" type="stmt"/>
      <line num="145" count="8" type="stmt"/>
      <line num="146" count="8" type="stmt"/>
      <line num="147" count="8" type="cond" truecount="7" falsecount="1"/>
      <line num="153" count="0" type="stmt"/>
      <line num="155" count="8" type="cond" truecount="4" falsecount="0"/>
      <line num="156" count="1" type="stmt"/>
      <line num="158" count="7" type="cond" truecount="1" falsecount="1"/>
      <line num="159" count="0" type="stmt"/>
      <line num="161" count="7" type="cond" truecount="5" falsecount="0"/>
      <line num="162" count="3" type="stmt"/>
      <line num="164" count="4" type="stmt"/>
      <line num="166" count="5" type="stmt"/>
      <line num="171" count="2" type="stmt"/>
      <line num="172" count="2" type="stmt"/>
      <line num="174" count="2" type="stmt"/>
      <line num="175" count="2" type="cond" truecount="1" falsecount="1"/>
      <line num="176" count="0" type="stmt"/>
      <line num="178" count="2" type="stmt"/>
      <line num="185" count="2" type="stmt"/>
      <line num="188" count="0" type="stmt"/>
      <line num="189" count="0" type="cond" truecount="0" falsecount="2"/>
      <line num="190" count="0" type="stmt"/>
      <line num="192" count="0" type="stmt"/>
    </file>
    <file name="types.js" path="F:\Projects\LifeOS\packages\security\src\types.js">
      <metrics statements="1" coveredstatements="1" conditionals="0" coveredconditionals="0" methods="0" coveredmethods="0"/>
      <line num="1" count="1" type="stmt"/>
    </file>
  </project>
</coverage>
