{"F:\\Projects\\LifeOS\\packages\\security\\src\\index.js": {"path":"F:\\Projects\\LifeOS\\packages\\security\\src\\index.js","statementMap":{"0":{"start":{"line":3,"column":23},"end":{"line":3,"column":null}},"1":{"start":{"line":4,"column":25},"end":{"line":4,"column":null}},"2":{"start":{"line":5,"column":35},"end":{"line":5,"column":null}},"3":{"start":{"line":6,"column":31},"end":{"line":6,"column":null}},"4":{"start":{"line":7,"column":31},"end":{"line":7,"column":63}},"5":{"start":{"line":9,"column":4},"end":{"line":13,"column":null}},"6":{"start":{"line":16,"column":23},"end":{"line":16,"column":66}},"7":{"start":{"line":17,"column":22},"end":{"line":17,"column":null}},"8":{"start":{"line":18,"column":4},"end":{"line":18,"column":null}},"9":{"start":{"line":21,"column":4},"end":{"line":29,"column":null}},"10":{"start":{"line":22,"column":23},"end":{"line":22,"column":40}},"11":{"start":{"line":23,"column":8},"end":{"line":24,"column":null}},"12":{"start":{"line":24,"column":12},"end":{"line":24,"column":null}},"13":{"start":{"line":26,"column":8},"end":{"line":26,"column":null}},"14":{"start":{"line":29,"column":8},"end":{"line":29,"column":null}},"15":{"start":{"line":33,"column":23},"end":{"line":33,"column":60}},"16":{"start":{"line":34,"column":4},"end":{"line":35,"column":null}},"17":{"start":{"line":35,"column":8},"end":{"line":35,"column":null}},"18":{"start":{"line":37,"column":19},"end":{"line":37,"column":56}},"19":{"start":{"line":38,"column":4},"end":{"line":39,"column":null}},"20":{"start":{"line":39,"column":8},"end":{"line":39,"column":null}},"21":{"start":{"line":41,"column":4},"end":{"line":42,"column":null}},"22":{"start":{"line":42,"column":8},"end":{"line":42,"column":null}},"23":{"start":{"line":44,"column":4},"end":{"line":48,"column":null}},"24":{"start":{"line":46,"column":8},"end":{"line":47,"column":null}},"25":{"start":{"line":48,"column":8},"end":{"line":48,"column":null}},"26":{"start":{"line":50,"column":4},"end":{"line":52,"column":null}},"27":{"start":{"line":55,"column":19},"end":{"line":55,"column":87}},"28":{"start":{"line":56,"column":4},"end":{"line":57,"column":null}},"29":{"start":{"line":57,"column":8},"end":{"line":57,"column":null}},"30":{"start":{"line":59,"column":4},"end":{"line":59,"column":null}},"31":{"start":{"line":62,"column":23},"end":{"line":62,"column":68}},"32":{"start":{"line":63,"column":4},"end":{"line":64,"column":null}},"33":{"start":{"line":64,"column":8},"end":{"line":64,"column":null}},"34":{"start":{"line":66,"column":19},"end":{"line":69,"column":44}},"35":{"start":{"line":68,"column":24},"end":{"line":68,"column":50}},"36":{"start":{"line":69,"column":27},"end":{"line":69,"column":44}},"37":{"start":{"line":70,"column":4},"end":{"line":70,"column":null}},"38":{"start":{"line":73,"column":18},"end":{"line":73,"column":null}},"39":{"start":{"line":74,"column":4},"end":{"line":74,"column":null}},"40":{"start":{"line":77,"column":23},"end":{"line":77,"column":40}},"41":{"start":{"line":78,"column":24},"end":{"line":78,"column":42}},"42":{"start":{"line":79,"column":4},"end":{"line":80,"column":null}},"43":{"start":{"line":80,"column":8},"end":{"line":80,"column":null}},"44":{"start":{"line":82,"column":4},"end":{"line":82,"column":null}},"45":{"start":{"line":90,"column":8},"end":{"line":90,"column":null}},"46":{"start":{"line":91,"column":8},"end":{"line":91,"column":null}},"47":{"start":{"line":92,"column":8},"end":{"line":92,"column":null}},"48":{"start":{"line":93,"column":8},"end":{"line":93,"column":null}},"49":{"start":{"line":94,"column":8},"end":{"line":94,"column":null}},"50":{"start":{"line":97,"column":8},"end":{"line":98,"column":null}},"51":{"start":{"line":98,"column":12},"end":{"line":98,"column":null}},"52":{"start":{"line":102,"column":20},"end":{"line":102,"column":49}},"53":{"start":{"line":103,"column":27},"end":{"line":112,"column":null}},"54":{"start":{"line":107,"column":50},"end":{"line":107,"column":76}},"55":{"start":{"line":113,"column":23},"end":{"line":116,"column":11}},"56":{"start":{"line":117,"column":21},"end":{"line":117,"column":64}},"57":{"start":{"line":118,"column":26},"end":{"line":118,"column":67}},"58":{"start":{"line":119,"column":8},"end":{"line":122,"column":null}},"59":{"start":{"line":125,"column":24},"end":{"line":125,"column":36}},"60":{"start":{"line":126,"column":8},"end":{"line":127,"column":null}},"61":{"start":{"line":127,"column":12},"end":{"line":127,"column":null}},"62":{"start":{"line":129,"column":57},"end":{"line":129,"column":75}},"63":{"start":{"line":130,"column":8},"end":{"line":131,"column":null}},"64":{"start":{"line":131,"column":12},"end":{"line":131,"column":null}},"65":{"start":{"line":133,"column":29},"end":{"line":133,"column":87}},"66":{"start":{"line":134,"column":30},"end":{"line":134,"column":89}},"67":{"start":{"line":135,"column":8},"end":{"line":136,"column":null}},"68":{"start":{"line":136,"column":12},"end":{"line":136,"column":null}},"69":{"start":{"line":138,"column":8},"end":{"line":139,"column":null}},"70":{"start":{"line":139,"column":12},"end":{"line":139,"column":null}},"71":{"start":{"line":141,"column":34},"end":{"line":141,"column":86}},"72":{"start":{"line":142,"column":8},"end":{"line":143,"column":null}},"73":{"start":{"line":143,"column":12},"end":{"line":143,"column":null}},"74":{"start":{"line":145,"column":20},"end":{"line":145,"column":49}},"75":{"start":{"line":146,"column":24},"end":{"line":146,"column":null}},"76":{"start":{"line":147,"column":8},"end":{"line":153,"column":null}},"77":{"start":{"line":153,"column":12},"end":{"line":153,"column":null}},"78":{"start":{"line":155,"column":8},"end":{"line":156,"column":null}},"79":{"start":{"line":156,"column":12},"end":{"line":156,"column":null}},"80":{"start":{"line":158,"column":8},"end":{"line":159,"column":null}},"81":{"start":{"line":159,"column":12},"end":{"line":159,"column":null}},"82":{"start":{"line":161,"column":8},"end":{"line":162,"column":null}},"83":{"start":{"line":162,"column":12},"end":{"line":162,"column":null}},"84":{"start":{"line":164,"column":8},"end":{"line":167,"column":null}},"85":{"start":{"line":166,"column":50},"end":{"line":166,"column":77}},"86":{"start":{"line":171,"column":16},"end":{"line":171,"column":32}},"87":{"start":{"line":172,"column":4},"end":{"line":198,"column":null}},"88":{"start":{"line":174,"column":31},"end":{"line":174,"column":63}},"89":{"start":{"line":175,"column":12},"end":{"line":176,"column":null}},"90":{"start":{"line":176,"column":16},"end":{"line":176,"column":null}},"91":{"start":{"line":178,"column":12},"end":{"line":182,"column":null}},"92":{"start":{"line":185,"column":12},"end":{"line":185,"column":null}},"93":{"start":{"line":188,"column":28},"end":{"line":188,"column":51}},"94":{"start":{"line":189,"column":12},"end":{"line":190,"column":null}},"95":{"start":{"line":190,"column":16},"end":{"line":190,"column":null}},"96":{"start":{"line":192,"column":12},"end":{"line":196,"column":null}}},"fnMap":{"0":{"name":"base64UrlEncode","decl":{"start":{"line":8,"column":9},"end":{"line":8,"column":25}},"loc":{"start":{"line":8,"column":32},"end":{"line":13,"column":null}},"line":8},"1":{"name":"base64UrlDecode","decl":{"start":{"line":15,"column":9},"end":{"line":15,"column":25}},"loc":{"start":{"line":15,"column":32},"end":{"line":18,"column":null}},"line":15},"2":{"name":"toJsonRecord","decl":{"start":{"line":20,"column":9},"end":{"line":20,"column":22}},"loc":{"start":{"line":20,"column":29},"end":{"line":29,"column":null}},"line":20},"3":{"name":"getSigningSecret","decl":{"start":{"line":32,"column":9},"end":{"line":32,"column":28}},"loc":{"start":{"line":32,"column":28},"end":{"line":52,"column":null}},"line":32},"4":{"name":"getExpiresInSeconds","decl":{"start":{"line":54,"column":9},"end":{"line":54,"column":31}},"loc":{"start":{"line":54,"column":31},"end":{"line":59,"column":null}},"line":54},"5":{"name":"parseDefaultScopes","decl":{"start":{"line":61,"column":9},"end":{"line":61,"column":30}},"loc":{"start":{"line":61,"column":30},"end":{"line":70,"column":null}},"line":61},"6":{"name":"(anonymous_6)","decl":{"start":{"line":68,"column":9},"end":{"line":68,"column":14}},"loc":{"start":{"line":68,"column":24},"end":{"line":68,"column":50}},"line":68},"7":{"name":"(anonymous_7)","decl":{"start":{"line":69,"column":9},"end":{"line":69,"column":17}},"loc":{"start":{"line":69,"column":27},"end":{"line":69,"column":44}},"line":69},"8":{"name":"signJwtPayload","decl":{"start":{"line":72,"column":9},"end":{"line":72,"column":24}},"loc":{"start":{"line":72,"column":49},"end":{"line":74,"column":null}},"line":72},"9":{"name":"safeEqual","decl":{"start":{"line":76,"column":9},"end":{"line":76,"column":19}},"loc":{"start":{"line":76,"column":32},"end":{"line":82,"column":null}},"line":76},"10":{"name":"(anonymous_10)","decl":{"start":{"line":89,"column":4},"end":{"line":89,"column":18}},"loc":{"start":{"line":89,"column":18},"end":{"line":94,"column":null}},"line":89},"11":{"name":"(anonymous_11)","decl":{"start":{"line":96,"column":4},"end":{"line":96,"column":26}},"loc":{"start":{"line":96,"column":34},"end":{"line":98,"column":null}},"line":96},"12":{"name":"(anonymous_12)","decl":{"start":{"line":101,"column":10},"end":{"line":101,"column":16}},"loc":{"start":{"line":101,"column":25},"end":{"line":122,"column":null}},"line":101},"13":{"name":"(anonymous_13)","decl":{"start":{"line":107,"column":35},"end":{"line":107,"column":40}},"loc":{"start":{"line":107,"column":50},"end":{"line":107,"column":76}},"line":107},"14":{"name":"(anonymous_14)","decl":{"start":{"line":124,"column":10},"end":{"line":124,"column":17}},"loc":{"start":{"line":124,"column":24},"end":{"line":167,"column":null}},"line":124},"15":{"name":"(anonymous_15)","decl":{"start":{"line":166,"column":35},"end":{"line":166,"column":40}},"loc":{"start":{"line":166,"column":50},"end":{"line":166,"column":77}},"line":166},"16":{"name":"createSecurityClient","decl":{"start":{"line":170,"column":16},"end":{"line":170,"column":39}},"loc":{"start":{"line":170,"column":39},"end":{"line":198,"column":null}},"line":170},"17":{"name":"(anonymous_17)","decl":{"start":{"line":173,"column":14},"end":{"line":173,"column":32}},"loc":{"start":{"line":173,"column":45},"end":{"line":182,"column":null}},"line":173},"18":{"name":"(anonymous_18)","decl":{"start":{"line":184,"column":14},"end":{"line":184,"column":24}},"loc":{"start":{"line":184,"column":31},"end":{"line":185,"column":null}},"line":184},"19":{"name":"(anonymous_19)","decl":{"start":{"line":187,"column":14},"end":{"line":187,"column":29}},"loc":{"start":{"line":187,"column":36},"end":{"line":196,"column":null}},"line":187}},"branchMap":{"0":{"loc":{"start":{"line":17,"column":22},"end":{"line":17,"column":null}},"type":"cond-expr","locations":[{"start":{"line":17,"column":52},"end":{"line":17,"column":56}},{"start":{"line":17,"column":56},"end":{"line":17,"column":null}}],"line":17},"1":{"loc":{"start":{"line":23,"column":8},"end":{"line":24,"column":null}},"type":"if","locations":[{"start":{"line":23,"column":8},"end":{"line":24,"column":null}},{"start":{},"end":{}}],"line":23},"2":{"loc":{"start":{"line":23,"column":12},"end":{"line":23,"column":74}},"type":"binary-expr","locations":[{"start":{"line":23,"column":12},"end":{"line":23,"column":23}},{"start":{"line":23,"column":23},"end":{"line":23,"column":53}},{"start":{"line":23,"column":53},"end":{"line":23,"column":74}}],"line":23},"3":{"loc":{"start":{"line":34,"column":4},"end":{"line":35,"column":null}},"type":"if","locations":[{"start":{"line":34,"column":4},"end":{"line":35,"column":null}},{"start":{},"end":{}}],"line":34},"4":{"loc":{"start":{"line":38,"column":4},"end":{"line":39,"column":null}},"type":"if","locations":[{"start":{"line":38,"column":4},"end":{"line":39,"column":null}},{"start":{},"end":{}}],"line":38},"5":{"loc":{"start":{"line":41,"column":4},"end":{"line":42,"column":null}},"type":"if","locations":[{"start":{"line":41,"column":4},"end":{"line":42,"column":null}},{"start":{},"end":{}}],"line":41},"6":{"loc":{"start":{"line":44,"column":4},"end":{"line":48,"column":null}},"type":"if","locations":[{"start":{"line":44,"column":4},"end":{"line":48,"column":null}},{"start":{},"end":{}}],"line":44},"7":{"loc":{"start":{"line":44,"column":4},"end":{"line":45,"column":66}},"type":"binary-expr","locations":[{"start":{"line":44,"column":4},"end":{"line":44,"column":null}},{"start":{"line":45,"column":8},"end":{"line":45,"column":66}}],"line":44},"8":{"loc":{"start":{"line":55,"column":35},"end":{"line":55,"column":84}},"type":"binary-expr","locations":[{"start":{"line":55,"column":35},"end":{"line":55,"column":80}},{"start":{"line":55,"column":80},"end":{"line":55,"column":84}}],"line":55},"9":{"loc":{"start":{"line":56,"column":4},"end":{"line":57,"column":null}},"type":"if","locations":[{"start":{"line":56,"column":4},"end":{"line":57,"column":null}},{"start":{},"end":{}}],"line":56},"10":{"loc":{"start":{"line":56,"column":8},"end":{"line":56,"column":47}},"type":"binary-expr","locations":[{"start":{"line":56,"column":8},"end":{"line":56,"column":31}},{"start":{"line":56,"column":35},"end":{"line":56,"column":47}}],"line":56},"11":{"loc":{"start":{"line":63,"column":4},"end":{"line":64,"column":null}},"type":"if","locations":[{"start":{"line":63,"column":4},"end":{"line":64,"column":null}},{"start":{},"end":{}}],"line":63},"12":{"loc":{"start":{"line":70,"column":11},"end":{"line":70,"column":null}},"type":"cond-expr","locations":[{"start":{"line":70,"column":31},"end":{"line":70,"column":40}},{"start":{"line":70,"column":40},"end":{"line":70,"column":null}}],"line":70},"13":{"loc":{"start":{"line":79,"column":4},"end":{"line":80,"column":null}},"type":"if","locations":[{"start":{"line":79,"column":4},"end":{"line":80,"column":null}},{"start":{},"end":{}}],"line":79},"14":{"loc":{"start":{"line":90,"column":22},"end":{"line":90,"column":null}},"type":"binary-expr","locations":[{"start":{"line":90,"column":22},"end":{"line":90,"column":59}},{"start":{"line":90,"column":63},"end":{"line":90,"column":null}}],"line":90},"15":{"loc":{"start":{"line":91,"column":24},"end":{"line":91,"column":null}},"type":"binary-expr","locations":[{"start":{"line":91,"column":24},"end":{"line":91,"column":63}},{"start":{"line":91,"column":67},"end":{"line":91,"column":null}}],"line":91},"16":{"loc":{"start":{"line":97,"column":8},"end":{"line":98,"column":null}},"type":"if","locations":[{"start":{"line":97,"column":8},"end":{"line":98,"column":null}},{"start":{},"end":{}}],"line":97},"17":{"loc":{"start":{"line":97,"column":12},"end":{"line":97,"column":51}},"type":"binary-expr","locations":[{"start":{"line":97,"column":12},"end":{"line":97,"column":23}},{"start":{"line":97,"column":23},"end":{"line":97,"column":51}}],"line":97},"18":{"loc":{"start":{"line":106,"column":16},"end":{"line":106,"column":80}},"type":"cond-expr","locations":[{"start":{"line":106,"column":36},"end":{"line":106,"column":75}},{"start":{"line":106,"column":78},"end":{"line":106,"column":80}}],"line":106},"19":{"loc":{"start":{"line":126,"column":8},"end":{"line":127,"column":null}},"type":"if","locations":[{"start":{"line":126,"column":8},"end":{"line":127,"column":null}},{"start":{},"end":{}}],"line":126},"20":{"loc":{"start":{"line":130,"column":8},"end":{"line":131,"column":null}},"type":"if","locations":[{"start":{"line":130,"column":8},"end":{"line":131,"column":null}},{"start":{},"end":{}}],"line":130},"21":{"loc":{"start":{"line":130,"column":12},"end":{"line":130,"column":59}},"type":"binary-expr","locations":[{"start":{"line":130,"column":12},"end":{"line":130,"column":27}},{"start":{"line":130,"column":27},"end":{"line":130,"column":43}},{"start":{"line":130,"column":43},"end":{"line":130,"column":59}}],"line":130},"22":{"loc":{"start":{"line":135,"column":8},"end":{"line":136,"column":null}},"type":"if","locations":[{"start":{"line":135,"column":8},"end":{"line":136,"column":null}},{"start":{},"end":{}}],"line":135},"23":{"loc":{"start":{"line":135,"column":12},"end":{"line":135,"column":45}},"type":"binary-expr","locations":[{"start":{"line":135,"column":12},"end":{"line":135,"column":29}},{"start":{"line":135,"column":29},"end":{"line":135,"column":45}}],"line":135},"24":{"loc":{"start":{"line":138,"column":8},"end":{"line":139,"column":null}},"type":"if","locations":[{"start":{"line":138,"column":8},"end":{"line":139,"column":null}},{"start":{},"end":{}}],"line":138},"25":{"loc":{"start":{"line":138,"column":12},"end":{"line":138,"column":72}},"type":"binary-expr","locations":[{"start":{"line":138,"column":12},"end":{"line":138,"column":44}},{"start":{"line":138,"column":44},"end":{"line":138,"column":72}}],"line":138},"26":{"loc":{"start":{"line":142,"column":8},"end":{"line":143,"column":null}},"type":"if","locations":[{"start":{"line":142,"column":8},"end":{"line":143,"column":null}},{"start":{},"end":{}}],"line":142},"27":{"loc":{"start":{"line":147,"column":8},"end":{"line":153,"column":null}},"type":"if","locations":[{"start":{"line":147,"column":8},"end":{"line":153,"column":null}},{"start":{},"end":{}}],"line":147},"28":{"loc":{"start":{"line":147,"column":12},"end":{"line":152,"column":45}},"type":"binary-expr","locations":[{"start":{"line":147,"column":12},"end":{"line":147,"column":null}},{"start":{"line":148,"column":12},"end":{"line":148,"column":null}},{"start":{"line":149,"column":12},"end":{"line":149,"column":42}},{"start":{"line":150,"column":12},"end":{"line":150,"column":null}},{"start":{"line":151,"column":12},"end":{"line":151,"column":null}},{"start":{"line":152,"column":12},"end":{"line":152,"column":45}}],"line":147},"29":{"loc":{"start":{"line":155,"column":8},"end":{"line":156,"column":null}},"type":"if","locations":[{"start":{"line":155,"column":8},"end":{"line":156,"column":null}},{"start":{},"end":{}}],"line":155},"30":{"loc":{"start":{"line":155,"column":12},"end":{"line":155,"column":58}},"type":"binary-expr","locations":[{"start":{"line":155,"column":12},"end":{"line":155,"column":34}},{"start":{"line":155,"column":34},"end":{"line":155,"column":58}}],"line":155},"31":{"loc":{"start":{"line":158,"column":8},"end":{"line":159,"column":null}},"type":"if","locations":[{"start":{"line":158,"column":8},"end":{"line":159,"column":null}},{"start":{},"end":{}}],"line":158},"32":{"loc":{"start":{"line":161,"column":8},"end":{"line":162,"column":null}},"type":"if","locations":[{"start":{"line":161,"column":8},"end":{"line":162,"column":null}},{"start":{},"end":{}}],"line":161},"33":{"loc":{"start":{"line":161,"column":12},"end":{"line":161,"column":100}},"type":"binary-expr","locations":[{"start":{"line":161,"column":12},"end":{"line":161,"column":47}},{"start":{"line":161,"column":47},"end":{"line":161,"column":69}},{"start":{"line":161,"column":69},"end":{"line":161,"column":100}}],"line":161},"34":{"loc":{"start":{"line":175,"column":12},"end":{"line":176,"column":null}},"type":"if","locations":[{"start":{"line":175,"column":12},"end":{"line":176,"column":null}},{"start":{},"end":{}}],"line":175},"35":{"loc":{"start":{"line":189,"column":12},"end":{"line":190,"column":null}},"type":"if","locations":[{"start":{"line":189,"column":12},"end":{"line":190,"column":null}},{"start":{},"end":{}}],"line":189}},"s":{"0":1,"1":1,"2":1,"3":1,"4":1,"5":25,"6":22,"7":22,"8":22,"9":22,"10":22,"11":22,"12":0,"13":21,"14":1,"15":20,"16":20,"17":10,"18":10,"19":20,"20":4,"21":6,"22":2,"23":4,"24":1,"25":1,"26":3,"27":17,"28":17,"29":1,"30":16,"31":2,"32":2,"33":2,"34":0,"35":0,"36":0,"37":0,"38":15,"39":15,"40":10,"41":10,"42":10,"43":0,"44":10,"45":20,"46":20,"47":20,"48":20,"49":20,"50":17,"51":0,"52":5,"53":5,"54":7,"55":5,"56":5,"57":5,"58":5,"59":11,"60":11,"61":0,"62":11,"63":11,"64":0,"65":11,"66":11,"67":11,"68":1,"69":10,"70":0,"71":10,"72":10,"73":2,"74":8,"75":8,"76":8,"77":0,"78":8,"79":1,"80":7,"81":0,"82":7,"83":3,"84":4,"85":5,"86":2,"87":2,"88":2,"89":2,"90":0,"91":2,"92":2,"93":0,"94":0,"95":0,"96":0},"f":{"0":25,"1":22,"2":22,"3":20,"4":17,"5":2,"6":0,"7":0,"8":15,"9":10,"10":20,"11":17,"12":5,"13":7,"14":11,"15":5,"16":2,"17":2,"18":2,"19":0},"b":{"0":[19,3],"1":[0,22],"2":[22,21,21],"3":[10,10],"4":[4,16],"5":[2,4],"6":[1,3],"7":[4,2],"8":[17,16],"9":[1,16],"10":[17,1],"11":[2,0],"12":[0,0],"13":[0,10],"14":[20,19],"15":[20,19],"16":[0,17],"17":[17,17],"18":[0,5],"19":[0,11],"20":[0,11],"21":[11,11,11],"22":[1,10],"23":[11,11],"24":[0,10],"25":[10,10],"26":[2,8],"27":[0,8],"28":[8,8,8,8,8,8],"29":[1,7],"30":[8,7],"31":[0,7],"32":[3,4],"33":[7,6,5],"34":[0,2],"35":[0,0]},"meta":{"lastBranch":36,"lastFunction":20,"lastStatement":97,"seen":{"s:3:23:3:Infinity":0,"s:4:25:4:Infinity":1,"s:5:35:5:Infinity":2,"s:6:31:6:Infinity":3,"s:7:31:7:63":4,"f:8:9:8:25":0,"s:9:4:13:Infinity":5,"f:15:9:15:25":1,"s:16:23:16:66":6,"s:17:22:17:Infinity":7,"b:17:52:17:56:17:56:17:Infinity":0,"s:18:4:18:Infinity":8,"f:20:9:20:22":2,"s:21:4:29:Infinity":9,"s:22:23:22:40":10,"b:23:8:24:Infinity:undefined:undefined:undefined:undefined":1,"s:23:8:24:Infinity":11,"b:23:12:23:23:23:23:23:53:23:53:23:74":2,"s:24:12:24:Infinity":12,"s:26:8:26:Infinity":13,"s:29:8:29:Infinity":14,"f:32:9:32:28":3,"s:33:23:33:60":15,"b:34:4:35:Infinity:undefined:undefined:undefined:undefined":3,"s:34:4:35:Infinity":16,"s:35:8:35:Infinity":17,"s:37:19:37:56":18,"b:38:4:39:Infinity:undefined:undefined:undefined:undefined":4,"s:38:4:39:Infinity":19,"s:39:8:39:Infinity":20,"b:41:4:42:Infinity:undefined:undefined:undefined:undefined":5,"s:41:4:42:Infinity":21,"s:42:8:42:Infinity":22,"b:44:4:48:Infinity:undefined:undefined:undefined:undefined":6,"s:44:4:48:Infinity":23,"b:44:4:44:Infinity:45:8:45:66":7,"s:46:8:47:Infinity":24,"s:48:8:48:Infinity":25,"s:50:4:52:Infinity":26,"f:54:9:54:31":4,"s:55:19:55:87":27,"b:55:35:55:80:55:80:55:84":8,"b:56:4:57:Infinity:undefined:undefined:undefined:undefined":9,"s:56:4:57:Infinity":28,"b:56:8:56:31:56:35:56:47":10,"s:57:8:57:Infinity":29,"s:59:4:59:Infinity":30,"f:61:9:61:30":5,"s:62:23:62:68":31,"b:63:4:64:Infinity:undefined:undefined:undefined:undefined":11,"s:63:4:64:Infinity":32,"s:64:8:64:Infinity":33,"s:66:19:69:44":34,"f:68:9:68:14":6,"s:68:24:68:50":35,"f:69:9:69:17":7,"s:69:27:69:44":36,"s:70:4:70:Infinity":37,"b:70:31:70:40:70:40:70:Infinity":12,"f:72:9:72:24":8,"s:73:18:73:Infinity":38,"s:74:4:74:Infinity":39,"f:76:9:76:19":9,"s:77:23:77:40":40,"s:78:24:78:42":41,"b:79:4:80:Infinity:undefined:undefined:undefined:undefined":13,"s:79:4:80:Infinity":42,"s:80:8:80:Infinity":43,"s:82:4:82:Infinity":44,"f:89:4:89:18":10,"s:90:8:90:Infinity":45,"b:90:22:90:59:90:63:90:Infinity":14,"s:91:8:91:Infinity":46,"b:91:24:91:63:91:67:91:Infinity":15,"s:92:8:92:Infinity":47,"s:93:8:93:Infinity":48,"s:94:8:94:Infinity":49,"f:96:4:96:26":11,"b:97:8:98:Infinity:undefined:undefined:undefined:undefined":16,"s:97:8:98:Infinity":50,"b:97:12:97:23:97:23:97:51":17,"s:98:12:98:Infinity":51,"f:101:10:101:16":12,"s:102:20:102:49":52,"s:103:27:112:Infinity":53,"b:106:36:106:75:106:78:106:80":18,"f:107:35:107:40":13,"s:107:50:107:76":54,"s:113:23:116:11":55,"s:117:21:117:64":56,"s:118:26:118:67":57,"s:119:8:122:Infinity":58,"f:124:10:124:17":14,"s:125:24:125:36":59,"b:126:8:127:Infinity:undefined:undefined:undefined:undefined":19,"s:126:8:127:Infinity":60,"s:127:12:127:Infinity":61,"s:129:57:129:75":62,"b:130:8:131:Infinity:undefined:undefined:undefined:undefined":20,"s:130:8:131:Infinity":63,"b:130:12:130:27:130:27:130:43:130:43:130:59":21,"s:131:12:131:Infinity":64,"s:133:29:133:87":65,"s:134:30:134:89":66,"b:135:8:136:Infinity:undefined:undefined:undefined:undefined":22,"s:135:8:136:Infinity":67,"b:135:12:135:29:135:29:135:45":23,"s:136:12:136:Infinity":68,"b:138:8:139:Infinity:undefined:undefined:undefined:undefined":24,"s:138:8:139:Infinity":69,"b:138:12:138:44:138:44:138:72":25,"s:139:12:139:Infinity":70,"s:141:34:141:86":71,"b:142:8:143:Infinity:undefined:undefined:undefined:undefined":26,"s:142:8:143:Infinity":72,"s:143:12:143:Infinity":73,"s:145:20:145:49":74,"s:146:24:146:Infinity":75,"b:147:8:153:Infinity:undefined:undefined:undefined:undefined":27,"s:147:8:153:Infinity":76,"b:147:12:147:Infinity:148:12:148:Infinity:149:12:149:42:150:12:150:Infinity:151:12:151:Infinity:152:12:152:45":28,"s:153:12:153:Infinity":77,"b:155:8:156:Infinity:undefined:undefined:undefined:undefined":29,"s:155:8:156:Infinity":78,"b:155:12:155:34:155:34:155:58":30,"s:156:12:156:Infinity":79,"b:158:8:159:Infinity:undefined:undefined:undefined:undefined":31,"s:158:8:159:Infinity":80,"s:159:12:159:Infinity":81,"b:161:8:162:Infinity:undefined:undefined:undefined:undefined":32,"s:161:8:162:Infinity":82,"b:161:12:161:47:161:47:161:69:161:69:161:100":33,"s:162:12:162:Infinity":83,"s:164:8:167:Infinity":84,"f:166:35:166:40":15,"s:166:50:166:77":85,"f:170:16:170:39":16,"s:171:16:171:32":86,"s:172:4:198:Infinity":87,"f:173:14:173:32":17,"s:174:31:174:63":88,"b:175:12:176:Infinity:undefined:undefined:undefined:undefined":34,"s:175:12:176:Infinity":89,"s:176:16:176:Infinity":90,"s:178:12:182:Infinity":91,"f:184:14:184:24":18,"s:185:12:185:Infinity":92,"f:187:14:187:29":19,"s:188:28:188:51":93,"b:189:12:190:Infinity:undefined:undefined:undefined:undefined":35,"s:189:12:190:Infinity":94,"s:190:16:190:Infinity":95,"s:192:12:196:Infinity":96}}}
,"F:\\Projects\\LifeOS\\packages\\security\\src\\types.js": {"path":"F:\\Projects\\LifeOS\\packages\\security\\src\\types.js","statementMap":{"0":{"start":{"line":1,"column":22},"end":{"line":7,"column":1}}},"fnMap":{},"branchMap":{},"s":{"0":1},"f":{},"b":{},"meta":{"lastBranch":0,"lastFunction":0,"lastStatement":1,"seen":{"s:1:22:7:1":0}}}
}
